2020-07-21 20:32:36.984 [INFO] [main] [com.binge.radoslaw.OracleJDBC.OracleJdbcApplication:55] Starting OracleJdbcApplication on LAPTOP-N8N1ATG7 with PID 2648 (C:\Users\rados\Projects\Java\SpringOracleJpa\target\classes started by rados in C:\Users\rados\Projects\Java\SpringOracleJpa)
2020-07-21 20:32:37.007 [INFO] [main] [com.binge.radoslaw.OracleJDBC.OracleJdbcApplication:651] No active profile set, falling back to default profiles: default
2020-07-21 20:32:39.175 [INFO] [main] [org.springframework.data.repository.config.RepositoryConfigurationDelegate:127] Bootstrapping Spring Data JPA repositories in DEFERRED mode.
2020-07-21 20:32:39.326 [INFO] [main] [org.springframework.data.repository.config.RepositoryConfigurationDelegate:187] Finished Spring Data repository scanning in 130ms. Found 1 JPA repository interfaces.
2020-07-21 20:32:40.703 [INFO] [main] [org.springframework.boot.web.embedded.tomcat.TomcatWebServer:108] Tomcat initialized with port(s): 8443 (https) 8080 (http)
2020-07-21 20:32:40.721 [INFO] [main] [org.apache.coyote.http11.Http11NioProtocol:173] Initializing ProtocolHandler ["https-jsse-nio-8443"]
2020-07-21 20:32:40.724 [INFO] [main] [org.apache.coyote.http11.Http11NioProtocol:173] Initializing ProtocolHandler ["http-nio-8080"]
2020-07-21 20:32:40.744 [INFO] [main] [org.apache.catalina.core.StandardService:173] Starting service [Tomcat]
2020-07-21 20:32:40.745 [INFO] [main] [org.apache.catalina.core.StandardEngine:173] Starting Servlet engine: [Apache Tomcat/9.0.35]
2020-07-21 20:32:41.051 [INFO] [main] [org.apache.catalina.core.ContainerBase.[Tomcat].[localhost].[/]:173] Initializing Spring embedded WebApplicationContext
2020-07-21 20:32:41.052 [INFO] [main] [org.springframework.web.context.ContextLoader:284] Root WebApplicationContext: initialization completed in 3940 ms
2020-07-21 20:32:41.567 [INFO] [main] [org.springframework.scheduling.concurrent.ThreadPoolTaskExecutor:181] Initializing ExecutorService 'applicationTaskExecutor'
2020-07-21 20:32:41.758 [INFO] [task-1] [org.hibernate.jpa.internal.util.LogHelper:31] HHH000204: Processing PersistenceUnitInfo [name: default]
2020-07-21 20:32:41.827 [WARN] [main] [org.springframework.boot.autoconfigure.orm.jpa.JpaBaseConfiguration$JpaWebConfiguration:220] spring.jpa.open-in-view is enabled by default. Therefore, database queries may be performed during view rendering. Explicitly configure spring.jpa.open-in-view to disable this warning
2020-07-21 20:32:42.309 [INFO] [task-1] [org.hibernate.Version:44] HHH000412: Hibernate ORM core version 5.4.15.Final
2020-07-21 20:32:42.778 [INFO] [task-1] [org.hibernate.annotations.common.Version:49] HCANN000001: Hibernate Commons Annotations {5.1.0.Final}
2020-07-21 20:32:43.024 [INFO] [main] [org.springframework.security.web.DefaultSecurityFilterChain:43] Creating filter chain: any request, [org.springframework.security.web.context.request.async.WebAsyncManagerIntegrationFilter@715f45c6, org.springframework.security.web.context.SecurityContextPersistenceFilter@55acec99, org.springframework.security.web.header.HeaderWriterFilter@322204dc, org.springframework.security.web.csrf.CsrfFilter@35650279, org.springframework.security.web.authentication.logout.LogoutFilter@459003a0, org.springframework.security.web.authentication.UsernamePasswordAuthenticationFilter@2b80e5a9, org.springframework.security.web.savedrequest.RequestCacheAwareFilter@58833798, org.springframework.security.web.servletapi.SecurityContextHolderAwareRequestFilter@77724cbe, org.springframework.security.web.authentication.AnonymousAuthenticationFilter@5d5c41e5, org.springframework.security.web.session.SessionManagementFilter@25b38203, org.springframework.security.web.access.ExceptionTranslationFilter@168ad26f, org.springframework.security.web.access.intercept.FilterSecurityInterceptor@5bde57ab]
2020-07-21 20:32:43.058 [INFO] [task-1] [com.zaxxer.hikari.HikariDataSource:110] HikariPool-1 - Starting...
2020-07-21 20:32:43.779 [INFO] [task-1] [com.zaxxer.hikari.HikariDataSource:123] HikariPool-1 - Start completed.
2020-07-21 20:32:43.847 [INFO] [task-1] [org.hibernate.dialect.Dialect:172] HHH000400: Using dialect: org.hibernate.dialect.Oracle12cDialect
2020-07-21 20:32:46.514 [INFO] [task-1] [org.hibernate.engine.transaction.jta.platform.internal.JtaPlatformInitiator:52] HHH000490: Using JtaPlatform implementation: [org.hibernate.engine.transaction.jta.platform.internal.NoJtaPlatform]
2020-07-21 20:32:46.528 [INFO] [task-1] [org.springframework.orm.jpa.LocalContainerEntityManagerFactoryBean:416] Initialized JPA EntityManagerFactory for persistence unit 'default'
2020-07-21 20:32:48.167 [INFO] [main] [org.apache.coyote.http11.Http11NioProtocol:173] Starting ProtocolHandler ["https-jsse-nio-8443"]
2020-07-21 20:32:49.141 [INFO] [main] [org.apache.coyote.http11.Http11NioProtocol:173] Starting ProtocolHandler ["http-nio-8080"]
2020-07-21 20:32:49.154 [INFO] [main] [org.springframework.boot.web.embedded.tomcat.TomcatWebServer:220] Tomcat started on port(s): 8443 (https) 8080 (http) with context path ''
2020-07-21 20:32:49.157 [INFO] [main] [org.springframework.data.repository.config.DeferredRepositoryInitializationListener:49] Triggering deferred initialization of Spring Data repositories…
2020-07-21 20:32:49.526 [INFO] [main] [org.springframework.data.repository.config.DeferredRepositoryInitializationListener:53] Spring Data repositories initialized!
2020-07-21 20:32:49.537 [INFO] [main] [com.binge.radoslaw.OracleJDBC.OracleJdbcApplication:61] Started OracleJdbcApplication in 13.848 seconds (JVM running for 15.444)
2020-07-21 20:33:02.753 [INFO] [https-jsse-nio-8443-exec-8] [org.apache.catalina.core.ContainerBase.[Tomcat].[localhost].[/]:173] Initializing Spring DispatcherServlet 'dispatcherServlet'
2020-07-21 20:33:02.754 [INFO] [https-jsse-nio-8443-exec-8] [org.springframework.web.servlet.DispatcherServlet:525] Initializing Servlet 'dispatcherServlet'
2020-07-21 20:33:02.767 [INFO] [https-jsse-nio-8443-exec-8] [org.springframework.web.servlet.DispatcherServlet:547] Completed initialization in 13 ms
2020-07-21 20:36:00.722 [INFO] [main] [com.binge.radoslaw.OracleJDBC.OracleJdbcApplication:55] Starting OracleJdbcApplication on LAPTOP-N8N1ATG7 with PID 3636 (C:\Users\rados\Projects\Java\SpringOracleJpa\target\classes started by rados in C:\Users\rados\Projects\Java\SpringOracleJpa)
2020-07-21 20:36:00.738 [INFO] [main] [com.binge.radoslaw.OracleJDBC.OracleJdbcApplication:651] No active profile set, falling back to default profiles: default
2020-07-21 20:36:02.335 [INFO] [main] [org.springframework.data.repository.config.RepositoryConfigurationDelegate:127] Bootstrapping Spring Data JPA repositories in DEFERRED mode.
2020-07-21 20:36:02.478 [INFO] [main] [org.springframework.data.repository.config.RepositoryConfigurationDelegate:187] Finished Spring Data repository scanning in 130ms. Found 1 JPA repository interfaces.
2020-07-21 20:36:03.796 [INFO] [main] [org.springframework.boot.web.embedded.tomcat.TomcatWebServer:108] Tomcat initialized with port(s): 8443 (https) 8080 (http)
2020-07-21 20:36:03.816 [INFO] [main] [org.apache.coyote.http11.Http11NioProtocol:173] Initializing ProtocolHandler ["https-jsse-nio-8443"]
2020-07-21 20:36:03.818 [INFO] [main] [org.apache.coyote.http11.Http11NioProtocol:173] Initializing ProtocolHandler ["http-nio-8080"]
2020-07-21 20:36:03.835 [INFO] [main] [org.apache.catalina.core.StandardService:173] Starting service [Tomcat]
2020-07-21 20:36:03.836 [INFO] [main] [org.apache.catalina.core.StandardEngine:173] Starting Servlet engine: [Apache Tomcat/9.0.35]
2020-07-21 20:36:04.088 [INFO] [main] [org.apache.catalina.core.ContainerBase.[Tomcat].[localhost].[/]:173] Initializing Spring embedded WebApplicationContext
2020-07-21 20:36:04.089 [INFO] [main] [org.springframework.web.context.ContextLoader:284] Root WebApplicationContext: initialization completed in 3222 ms
2020-07-21 20:36:04.624 [INFO] [main] [org.springframework.scheduling.concurrent.ThreadPoolTaskExecutor:181] Initializing ExecutorService 'applicationTaskExecutor'
2020-07-21 20:36:04.746 [INFO] [task-1] [org.hibernate.jpa.internal.util.LogHelper:31] HHH000204: Processing PersistenceUnitInfo [name: default]
2020-07-21 20:36:04.801 [WARN] [main] [org.springframework.boot.autoconfigure.orm.jpa.JpaBaseConfiguration$JpaWebConfiguration:220] spring.jpa.open-in-view is enabled by default. Therefore, database queries may be performed during view rendering. Explicitly configure spring.jpa.open-in-view to disable this warning
2020-07-21 20:36:04.909 [INFO] [task-1] [org.hibernate.Version:44] HHH000412: Hibernate ORM core version 5.4.15.Final
2020-07-21 20:36:05.267 [INFO] [task-1] [org.hibernate.annotations.common.Version:49] HCANN000001: Hibernate Commons Annotations {5.1.0.Final}
2020-07-21 20:36:05.453 [INFO] [task-1] [com.zaxxer.hikari.HikariDataSource:110] HikariPool-1 - Starting...
2020-07-21 20:36:05.597 [INFO] [main] [org.springframework.security.web.DefaultSecurityFilterChain:43] Creating filter chain: any request, [org.springframework.security.web.context.request.async.WebAsyncManagerIntegrationFilter@1e12a5a6, org.springframework.security.web.context.SecurityContextPersistenceFilter@182e7eda, org.springframework.security.web.header.HeaderWriterFilter@2ed9f6f8, org.springframework.security.web.csrf.CsrfFilter@3d615b2e, org.springframework.security.web.authentication.logout.LogoutFilter@64e7d698, org.springframework.security.web.authentication.UsernamePasswordAuthenticationFilter@1c628f6a, org.springframework.security.web.savedrequest.RequestCacheAwareFilter@420a8042, org.springframework.security.web.servletapi.SecurityContextHolderAwareRequestFilter@b4732dc, org.springframework.security.web.authentication.AnonymousAuthenticationFilter@4877919f, org.springframework.security.web.session.SessionManagementFilter@35650279, org.springframework.security.web.access.ExceptionTranslationFilter@24c685e7, org.springframework.security.web.access.intercept.FilterSecurityInterceptor@7fbd3e75]
2020-07-21 20:36:06.074 [INFO] [task-1] [com.zaxxer.hikari.HikariDataSource:123] HikariPool-1 - Start completed.
2020-07-21 20:36:06.122 [INFO] [task-1] [org.hibernate.dialect.Dialect:172] HHH000400: Using dialect: org.hibernate.dialect.Oracle12cDialect
2020-07-21 20:36:08.558 [INFO] [task-1] [org.hibernate.engine.transaction.jta.platform.internal.JtaPlatformInitiator:52] HHH000490: Using JtaPlatform implementation: [org.hibernate.engine.transaction.jta.platform.internal.NoJtaPlatform]
2020-07-21 20:36:08.568 [INFO] [task-1] [org.springframework.orm.jpa.LocalContainerEntityManagerFactoryBean:416] Initialized JPA EntityManagerFactory for persistence unit 'default'
2020-07-21 20:36:09.553 [INFO] [main] [org.apache.coyote.http11.Http11NioProtocol:173] Starting ProtocolHandler ["https-jsse-nio-8443"]
2020-07-21 20:36:10.210 [INFO] [main] [org.apache.coyote.http11.Http11NioProtocol:173] Starting ProtocolHandler ["http-nio-8080"]
2020-07-21 20:36:10.224 [INFO] [main] [org.springframework.boot.web.embedded.tomcat.TomcatWebServer:220] Tomcat started on port(s): 8443 (https) 8080 (http) with context path ''
2020-07-21 20:36:10.227 [INFO] [main] [org.springframework.data.repository.config.DeferredRepositoryInitializationListener:49] Triggering deferred initialization of Spring Data repositories…
2020-07-21 20:36:10.611 [INFO] [main] [org.springframework.data.repository.config.DeferredRepositoryInitializationListener:53] Spring Data repositories initialized!
2020-07-21 20:36:10.623 [INFO] [main] [com.binge.radoslaw.OracleJDBC.OracleJdbcApplication:61] Started OracleJdbcApplication in 11.145 seconds (JVM running for 12.43)
2020-07-21 20:36:14.634 [INFO] [https-jsse-nio-8443-exec-5] [org.apache.catalina.core.ContainerBase.[Tomcat].[localhost].[/]:173] Initializing Spring DispatcherServlet 'dispatcherServlet'
2020-07-21 20:36:14.635 [INFO] [https-jsse-nio-8443-exec-5] [org.springframework.web.servlet.DispatcherServlet:525] Initializing Servlet 'dispatcherServlet'
2020-07-21 20:36:14.651 [INFO] [https-jsse-nio-8443-exec-5] [org.springframework.web.servlet.DispatcherServlet:547] Completed initialization in 15 ms
2020-07-21 20:41:28.011 [INFO] [main] [com.binge.radoslaw.OracleJDBC.OracleJdbcApplication:55] Starting OracleJdbcApplication on LAPTOP-N8N1ATG7 with PID 17984 (C:\Users\rados\Projects\Java\SpringOracleJpa\target\classes started by rados in C:\Users\rados\Projects\Java\SpringOracleJpa)
2020-07-21 20:41:28.018 [INFO] [main] [com.binge.radoslaw.OracleJDBC.OracleJdbcApplication:651] No active profile set, falling back to default profiles: default
2020-07-21 20:41:29.581 [INFO] [main] [org.springframework.data.repository.config.RepositoryConfigurationDelegate:127] Bootstrapping Spring Data JPA repositories in DEFERRED mode.
2020-07-21 20:41:29.745 [INFO] [main] [org.springframework.data.repository.config.RepositoryConfigurationDelegate:187] Finished Spring Data repository scanning in 147ms. Found 1 JPA repository interfaces.
2020-07-21 20:41:31.032 [INFO] [main] [org.springframework.boot.web.embedded.tomcat.TomcatWebServer:108] Tomcat initialized with port(s): 8443 (https) 8080 (http)
2020-07-21 20:41:31.053 [INFO] [main] [org.apache.coyote.http11.Http11NioProtocol:173] Initializing ProtocolHandler ["https-jsse-nio-8443"]
2020-07-21 20:41:31.056 [INFO] [main] [org.apache.coyote.http11.Http11NioProtocol:173] Initializing ProtocolHandler ["http-nio-8080"]
2020-07-21 20:41:31.078 [INFO] [main] [org.apache.catalina.core.StandardService:173] Starting service [Tomcat]
2020-07-21 20:41:31.079 [INFO] [main] [org.apache.catalina.core.StandardEngine:173] Starting Servlet engine: [Apache Tomcat/9.0.35]
2020-07-21 20:41:31.337 [INFO] [main] [org.apache.catalina.core.ContainerBase.[Tomcat].[localhost].[/]:173] Initializing Spring embedded WebApplicationContext
2020-07-21 20:41:31.338 [INFO] [main] [org.springframework.web.context.ContextLoader:284] Root WebApplicationContext: initialization completed in 3199 ms
2020-07-21 20:41:31.830 [INFO] [main] [org.springframework.scheduling.concurrent.ThreadPoolTaskExecutor:181] Initializing ExecutorService 'applicationTaskExecutor'
2020-07-21 20:41:31.940 [INFO] [task-1] [org.hibernate.jpa.internal.util.LogHelper:31] HHH000204: Processing PersistenceUnitInfo [name: default]
2020-07-21 20:41:31.971 [WARN] [main] [org.springframework.boot.autoconfigure.orm.jpa.JpaBaseConfiguration$JpaWebConfiguration:220] spring.jpa.open-in-view is enabled by default. Therefore, database queries may be performed during view rendering. Explicitly configure spring.jpa.open-in-view to disable this warning
2020-07-21 20:41:32.114 [INFO] [task-1] [org.hibernate.Version:44] HHH000412: Hibernate ORM core version 5.4.15.Final
2020-07-21 20:41:32.443 [INFO] [task-1] [org.hibernate.annotations.common.Version:49] HCANN000001: Hibernate Commons Annotations {5.1.0.Final}
2020-07-21 20:41:32.621 [INFO] [task-1] [com.zaxxer.hikari.HikariDataSource:110] HikariPool-1 - Starting...
2020-07-21 20:41:32.759 [INFO] [main] [org.springframework.security.web.DefaultSecurityFilterChain:43] Creating filter chain: any request, [org.springframework.security.web.context.request.async.WebAsyncManagerIntegrationFilter@50085d9c, org.springframework.security.web.context.SecurityContextPersistenceFilter@2282400e, org.springframework.security.web.header.HeaderWriterFilter@40c06358, org.springframework.security.web.csrf.CsrfFilter@319642db, org.springframework.security.web.authentication.logout.LogoutFilter@79a13920, org.springframework.security.web.authentication.UsernamePasswordAuthenticationFilter@39b626e5, org.springframework.security.web.savedrequest.RequestCacheAwareFilter@35dece42, org.springframework.security.web.servletapi.SecurityContextHolderAwareRequestFilter@5d05f453, org.springframework.security.web.authentication.AnonymousAuthenticationFilter@5df7e31b, org.springframework.security.web.session.SessionManagementFilter@7f73ce28, org.springframework.security.web.access.ExceptionTranslationFilter@bb25753, org.springframework.security.web.access.intercept.FilterSecurityInterceptor@48268eec]
2020-07-21 20:41:33.407 [INFO] [task-1] [com.zaxxer.hikari.HikariDataSource:123] HikariPool-1 - Start completed.
2020-07-21 20:41:33.464 [INFO] [task-1] [org.hibernate.dialect.Dialect:172] HHH000400: Using dialect: org.hibernate.dialect.Oracle12cDialect
2020-07-21 20:41:35.137 [INFO] [task-1] [org.hibernate.engine.transaction.jta.platform.internal.JtaPlatformInitiator:52] HHH000490: Using JtaPlatform implementation: [org.hibernate.engine.transaction.jta.platform.internal.NoJtaPlatform]
2020-07-21 20:41:35.150 [INFO] [task-1] [org.springframework.orm.jpa.LocalContainerEntityManagerFactoryBean:416] Initialized JPA EntityManagerFactory for persistence unit 'default'
2020-07-21 20:41:35.867 [INFO] [main] [org.apache.coyote.http11.Http11NioProtocol:173] Starting ProtocolHandler ["https-jsse-nio-8443"]
2020-07-21 20:41:36.651 [INFO] [main] [org.apache.coyote.http11.Http11NioProtocol:173] Starting ProtocolHandler ["http-nio-8080"]
2020-07-21 20:41:36.664 [INFO] [main] [org.springframework.boot.web.embedded.tomcat.TomcatWebServer:220] Tomcat started on port(s): 8443 (https) 8080 (http) with context path ''
2020-07-21 20:41:36.665 [INFO] [main] [org.springframework.data.repository.config.DeferredRepositoryInitializationListener:49] Triggering deferred initialization of Spring Data repositories…
2020-07-21 20:41:37.012 [INFO] [main] [org.springframework.data.repository.config.DeferredRepositoryInitializationListener:53] Spring Data repositories initialized!
2020-07-21 20:41:37.022 [INFO] [main] [com.binge.radoslaw.OracleJDBC.OracleJdbcApplication:61] Started OracleJdbcApplication in 10.144 seconds (JVM running for 11.187)
2020-07-21 20:41:45.621 [INFO] [https-jsse-nio-8443-exec-2] [org.apache.catalina.core.ContainerBase.[Tomcat].[localhost].[/]:173] Initializing Spring DispatcherServlet 'dispatcherServlet'
2020-07-21 20:41:45.621 [INFO] [https-jsse-nio-8443-exec-2] [org.springframework.web.servlet.DispatcherServlet:525] Initializing Servlet 'dispatcherServlet'
2020-07-21 20:41:45.635 [INFO] [https-jsse-nio-8443-exec-2] [org.springframework.web.servlet.DispatcherServlet:547] Completed initialization in 13 ms
2020-07-21 20:45:55.394 [INFO] [main] [com.binge.radoslaw.OracleJDBC.OracleJdbcApplication:55] Starting OracleJdbcApplication on LAPTOP-N8N1ATG7 with PID 8408 (C:\Users\rados\Projects\Java\SpringOracleJpa\target\classes started by rados in C:\Users\rados\Projects\Java\SpringOracleJpa)
2020-07-21 20:45:55.403 [INFO] [main] [com.binge.radoslaw.OracleJDBC.OracleJdbcApplication:651] No active profile set, falling back to default profiles: default
2020-07-21 20:45:57.978 [INFO] [main] [org.springframework.data.repository.config.RepositoryConfigurationDelegate:127] Bootstrapping Spring Data JPA repositories in DEFERRED mode.
2020-07-21 20:45:58.132 [INFO] [main] [org.springframework.data.repository.config.RepositoryConfigurationDelegate:187] Finished Spring Data repository scanning in 131ms. Found 1 JPA repository interfaces.
2020-07-21 20:46:02.664 [INFO] [main] [com.binge.radoslaw.OracleJDBC.OracleJdbcApplication:55] Starting OracleJdbcApplication on LAPTOP-N8N1ATG7 with PID 13284 (C:\Users\rados\Projects\Java\SpringOracleJpa\target\classes started by rados in C:\Users\rados\Projects\Java\SpringOracleJpa)
2020-07-21 20:46:02.671 [INFO] [main] [com.binge.radoslaw.OracleJDBC.OracleJdbcApplication:651] No active profile set, falling back to default profiles: default
2020-07-21 20:46:04.723 [INFO] [main] [org.springframework.data.repository.config.RepositoryConfigurationDelegate:127] Bootstrapping Spring Data JPA repositories in DEFERRED mode.
2020-07-21 20:46:04.959 [INFO] [main] [org.springframework.data.repository.config.RepositoryConfigurationDelegate:187] Finished Spring Data repository scanning in 217ms. Found 1 JPA repository interfaces.
2020-07-21 20:46:06.529 [INFO] [main] [org.springframework.boot.web.embedded.tomcat.TomcatWebServer:108] Tomcat initialized with port(s): 8443 (https) 8080 (http)
2020-07-21 20:46:06.554 [INFO] [main] [org.apache.coyote.http11.Http11NioProtocol:173] Initializing ProtocolHandler ["https-jsse-nio-8443"]
2020-07-21 20:46:06.557 [INFO] [main] [org.apache.coyote.http11.Http11NioProtocol:173] Initializing ProtocolHandler ["http-nio-8080"]
2020-07-21 20:46:06.577 [INFO] [main] [org.apache.catalina.core.StandardService:173] Starting service [Tomcat]
2020-07-21 20:46:06.578 [INFO] [main] [org.apache.catalina.core.StandardEngine:173] Starting Servlet engine: [Apache Tomcat/9.0.35]
2020-07-21 20:46:07.092 [INFO] [main] [org.apache.catalina.core.ContainerBase.[Tomcat].[localhost].[/]:173] Initializing Spring embedded WebApplicationContext
2020-07-21 20:46:07.093 [INFO] [main] [org.springframework.web.context.ContextLoader:284] Root WebApplicationContext: initialization completed in 4288 ms
2020-07-21 20:46:07.703 [INFO] [main] [org.springframework.scheduling.concurrent.ThreadPoolTaskExecutor:181] Initializing ExecutorService 'applicationTaskExecutor'
2020-07-21 20:46:07.961 [WARN] [main] [org.springframework.boot.autoconfigure.orm.jpa.JpaBaseConfiguration$JpaWebConfiguration:220] spring.jpa.open-in-view is enabled by default. Therefore, database queries may be performed during view rendering. Explicitly configure spring.jpa.open-in-view to disable this warning
2020-07-21 20:46:07.969 [INFO] [task-1] [org.hibernate.jpa.internal.util.LogHelper:31] HHH000204: Processing PersistenceUnitInfo [name: default]
2020-07-21 20:46:08.126 [INFO] [task-1] [org.hibernate.Version:44] HHH000412: Hibernate ORM core version 5.4.15.Final
2020-07-21 20:46:08.459 [INFO] [task-1] [org.hibernate.annotations.common.Version:49] HCANN000001: Hibernate Commons Annotations {5.1.0.Final}
2020-07-21 20:46:08.632 [INFO] [main] [org.springframework.security.web.DefaultSecurityFilterChain:43] Creating filter chain: any request, [org.springframework.security.web.context.request.async.WebAsyncManagerIntegrationFilter@5934153e, org.springframework.security.web.context.SecurityContextPersistenceFilter@3d615b2e, org.springframework.security.web.header.HeaderWriterFilter@2282400e, org.springframework.security.web.csrf.CsrfFilter@68b11545, org.springframework.security.web.authentication.logout.LogoutFilter@3292d91a, org.springframework.security.web.authentication.UsernamePasswordAuthenticationFilter@2b44d6d0, org.springframework.security.web.savedrequest.RequestCacheAwareFilter@40ce9049, org.springframework.security.web.servletapi.SecurityContextHolderAwareRequestFilter@664e848c, org.springframework.security.web.authentication.AnonymousAuthenticationFilter@3bb9ca38, org.springframework.security.web.session.SessionManagementFilter@35dece42, org.springframework.security.web.access.ExceptionTranslationFilter@7f73ce28, org.springframework.security.web.access.intercept.FilterSecurityInterceptor@515b9d4a]
2020-07-21 20:46:08.725 [INFO] [task-1] [com.zaxxer.hikari.HikariDataSource:110] HikariPool-1 - Starting...
2020-07-21 20:46:09.382 [INFO] [task-1] [com.zaxxer.hikari.HikariDataSource:123] HikariPool-1 - Start completed.
2020-07-21 20:46:09.449 [INFO] [task-1] [org.hibernate.dialect.Dialect:172] HHH000400: Using dialect: org.hibernate.dialect.Oracle12cDialect
2020-07-21 20:46:12.027 [INFO] [task-1] [org.hibernate.engine.transaction.jta.platform.internal.JtaPlatformInitiator:52] HHH000490: Using JtaPlatform implementation: [org.hibernate.engine.transaction.jta.platform.internal.NoJtaPlatform]
2020-07-21 20:46:12.046 [INFO] [task-1] [org.springframework.orm.jpa.LocalContainerEntityManagerFactoryBean:416] Initialized JPA EntityManagerFactory for persistence unit 'default'
2020-07-21 20:46:13.801 [INFO] [main] [org.apache.coyote.http11.Http11NioProtocol:173] Starting ProtocolHandler ["https-jsse-nio-8443"]
2020-07-21 20:46:15.406 [INFO] [main] [org.apache.coyote.http11.Http11NioProtocol:173] Starting ProtocolHandler ["http-nio-8080"]
2020-07-21 20:46:15.432 [INFO] [main] [org.springframework.boot.web.embedded.tomcat.TomcatWebServer:220] Tomcat started on port(s): 8443 (https) 8080 (http) with context path ''
2020-07-21 20:46:15.435 [INFO] [main] [org.springframework.data.repository.config.DeferredRepositoryInitializationListener:49] Triggering deferred initialization of Spring Data repositories…
2020-07-21 20:46:16.432 [INFO] [main] [org.springframework.data.repository.config.DeferredRepositoryInitializationListener:53] Spring Data repositories initialized!
2020-07-21 20:46:16.445 [INFO] [main] [com.binge.radoslaw.OracleJDBC.OracleJdbcApplication:61] Started OracleJdbcApplication in 15.069 seconds (JVM running for 16.212)
2020-07-21 20:46:41.067 [INFO] [https-jsse-nio-8443-exec-6] [org.apache.catalina.core.ContainerBase.[Tomcat].[localhost].[/]:173] Initializing Spring DispatcherServlet 'dispatcherServlet'
2020-07-21 20:46:41.068 [INFO] [https-jsse-nio-8443-exec-6] [org.springframework.web.servlet.DispatcherServlet:525] Initializing Servlet 'dispatcherServlet'
2020-07-21 20:46:41.081 [INFO] [https-jsse-nio-8443-exec-6] [org.springframework.web.servlet.DispatcherServlet:547] Completed initialization in 13 ms
2020-07-21 20:47:36.616 [INFO] [main] [com.binge.radoslaw.OracleJDBC.OracleJdbcApplication:55] Starting OracleJdbcApplication on LAPTOP-N8N1ATG7 with PID 13332 (C:\Users\rados\Projects\Java\SpringOracleJpa\target\classes started by rados in C:\Users\rados\Projects\Java\SpringOracleJpa)
2020-07-21 20:47:36.624 [INFO] [main] [com.binge.radoslaw.OracleJDBC.OracleJdbcApplication:651] No active profile set, falling back to default profiles: default
2020-07-21 20:47:38.839 [INFO] [main] [org.springframework.data.repository.config.RepositoryConfigurationDelegate:127] Bootstrapping Spring Data JPA repositories in DEFERRED mode.
2020-07-21 20:47:39.060 [INFO] [main] [org.springframework.data.repository.config.RepositoryConfigurationDelegate:187] Finished Spring Data repository scanning in 205ms. Found 1 JPA repository interfaces.
2020-07-21 20:47:41.604 [INFO] [main] [org.springframework.boot.web.embedded.tomcat.TomcatWebServer:108] Tomcat initialized with port(s): 8443 (https) 8080 (http)
2020-07-21 20:47:41.641 [INFO] [main] [org.apache.coyote.http11.Http11NioProtocol:173] Initializing ProtocolHandler ["https-jsse-nio-8443"]
2020-07-21 20:47:41.643 [INFO] [main] [org.apache.coyote.http11.Http11NioProtocol:173] Initializing ProtocolHandler ["http-nio-8080"]
2020-07-21 20:47:41.673 [INFO] [main] [org.apache.catalina.core.StandardService:173] Starting service [Tomcat]
2020-07-21 20:47:41.675 [INFO] [main] [org.apache.catalina.core.StandardEngine:173] Starting Servlet engine: [Apache Tomcat/9.0.35]
2020-07-21 20:47:42.093 [INFO] [main] [org.apache.catalina.core.ContainerBase.[Tomcat].[localhost].[/]:173] Initializing Spring embedded WebApplicationContext
2020-07-21 20:47:42.094 [INFO] [main] [org.springframework.web.context.ContextLoader:284] Root WebApplicationContext: initialization completed in 5347 ms
2020-07-21 20:47:42.870 [INFO] [main] [org.springframework.scheduling.concurrent.ThreadPoolTaskExecutor:181] Initializing ExecutorService 'applicationTaskExecutor'
2020-07-21 20:47:43.012 [INFO] [task-1] [org.hibernate.jpa.internal.util.LogHelper:31] HHH000204: Processing PersistenceUnitInfo [name: default]
2020-07-21 20:47:43.088 [WARN] [main] [org.springframework.boot.autoconfigure.orm.jpa.JpaBaseConfiguration$JpaWebConfiguration:220] spring.jpa.open-in-view is enabled by default. Therefore, database queries may be performed during view rendering. Explicitly configure spring.jpa.open-in-view to disable this warning
2020-07-21 20:47:43.224 [INFO] [task-1] [org.hibernate.Version:44] HHH000412: Hibernate ORM core version 5.4.15.Final
2020-07-21 20:47:43.669 [INFO] [task-1] [org.hibernate.annotations.common.Version:49] HCANN000001: Hibernate Commons Annotations {5.1.0.Final}
2020-07-21 20:47:44.037 [INFO] [task-1] [com.zaxxer.hikari.HikariDataSource:110] HikariPool-1 - Starting...
2020-07-21 20:47:44.037 [INFO] [main] [org.springframework.security.web.DefaultSecurityFilterChain:43] Creating filter chain: any request, [org.springframework.security.web.context.request.async.WebAsyncManagerIntegrationFilter@5d5c41e5, org.springframework.security.web.context.SecurityContextPersistenceFilter@61191222, org.springframework.security.web.header.HeaderWriterFilter@656a3d6b, org.springframework.security.web.csrf.CsrfFilter@79a13920, org.springframework.security.web.authentication.logout.LogoutFilter@d325518, org.springframework.security.web.authentication.UsernamePasswordAuthenticationFilter@4cc01c7f, org.springframework.security.web.savedrequest.RequestCacheAwareFilter@7f3ca64a, org.springframework.security.web.servletapi.SecurityContextHolderAwareRequestFilter@27dc627a, org.springframework.security.web.authentication.AnonymousAuthenticationFilter@43245559, org.springframework.security.web.session.SessionManagementFilter@778a1250, org.springframework.security.web.access.ExceptionTranslationFilter@4f93bf0a, org.springframework.security.web.access.intercept.FilterSecurityInterceptor@ea00de]
2020-07-21 20:47:44.967 [INFO] [task-1] [com.zaxxer.hikari.HikariDataSource:123] HikariPool-1 - Start completed.
2020-07-21 20:47:45.040 [INFO] [task-1] [org.hibernate.dialect.Dialect:172] HHH000400: Using dialect: org.hibernate.dialect.Oracle12cDialect
2020-07-21 20:47:47.689 [INFO] [task-1] [org.hibernate.engine.transaction.jta.platform.internal.JtaPlatformInitiator:52] HHH000490: Using JtaPlatform implementation: [org.hibernate.engine.transaction.jta.platform.internal.NoJtaPlatform]
2020-07-21 20:47:47.700 [INFO] [task-1] [org.springframework.orm.jpa.LocalContainerEntityManagerFactoryBean:416] Initialized JPA EntityManagerFactory for persistence unit 'default'
2020-07-21 20:47:49.309 [INFO] [main] [org.apache.coyote.http11.Http11NioProtocol:173] Starting ProtocolHandler ["https-jsse-nio-8443"]
2020-07-21 20:47:50.745 [INFO] [main] [org.apache.coyote.http11.Http11NioProtocol:173] Starting ProtocolHandler ["http-nio-8080"]
2020-07-21 20:47:50.763 [INFO] [main] [org.springframework.boot.web.embedded.tomcat.TomcatWebServer:220] Tomcat started on port(s): 8443 (https) 8080 (http) with context path ''
2020-07-21 20:47:50.775 [INFO] [main] [org.springframework.data.repository.config.DeferredRepositoryInitializationListener:49] Triggering deferred initialization of Spring Data repositories…
2020-07-21 20:47:51.502 [INFO] [https-jsse-nio-8443-exec-9] [org.apache.catalina.core.ContainerBase.[Tomcat].[localhost].[/]:173] Initializing Spring DispatcherServlet 'dispatcherServlet'
2020-07-21 20:47:51.503 [INFO] [https-jsse-nio-8443-exec-9] [org.springframework.web.servlet.DispatcherServlet:525] Initializing Servlet 'dispatcherServlet'
2020-07-21 20:47:51.540 [INFO] [https-jsse-nio-8443-exec-9] [org.springframework.web.servlet.DispatcherServlet:547] Completed initialization in 36 ms
2020-07-21 20:47:51.684 [INFO] [main] [org.springframework.data.repository.config.DeferredRepositoryInitializationListener:53] Spring Data repositories initialized!
2020-07-21 20:47:51.714 [INFO] [main] [com.binge.radoslaw.OracleJDBC.OracleJdbcApplication:61] Started OracleJdbcApplication in 16.236 seconds (JVM running for 17.579)
2020-07-21 20:53:48.724 [INFO] [main] [com.binge.radoslaw.OracleJDBC.OracleJdbcApplication:55] Starting OracleJdbcApplication on LAPTOP-N8N1ATG7 with PID 9496 (C:\Users\rados\Projects\Java\SpringOracleJpa\target\classes started by rados in C:\Users\rados\Projects\Java\SpringOracleJpa)
2020-07-21 20:53:48.739 [INFO] [main] [com.binge.radoslaw.OracleJDBC.OracleJdbcApplication:651] No active profile set, falling back to default profiles: default
2020-07-21 20:53:50.698 [INFO] [main] [org.springframework.data.repository.config.RepositoryConfigurationDelegate:127] Bootstrapping Spring Data JPA repositories in DEFERRED mode.
2020-07-21 20:53:50.842 [INFO] [main] [org.springframework.data.repository.config.RepositoryConfigurationDelegate:187] Finished Spring Data repository scanning in 123ms. Found 1 JPA repository interfaces.
2020-07-21 20:53:52.159 [INFO] [main] [org.springframework.boot.web.embedded.tomcat.TomcatWebServer:108] Tomcat initialized with port(s): 8443 (https) 8080 (http)
2020-07-21 20:53:52.176 [INFO] [main] [org.apache.coyote.http11.Http11NioProtocol:173] Initializing ProtocolHandler ["https-jsse-nio-8443"]
2020-07-21 20:53:52.178 [INFO] [main] [org.apache.coyote.http11.Http11NioProtocol:173] Initializing ProtocolHandler ["http-nio-8080"]
2020-07-21 20:53:52.200 [INFO] [main] [org.apache.catalina.core.StandardService:173] Starting service [Tomcat]
2020-07-21 20:53:52.201 [INFO] [main] [org.apache.catalina.core.StandardEngine:173] Starting Servlet engine: [Apache Tomcat/9.0.35]
2020-07-21 20:53:52.485 [INFO] [main] [org.apache.catalina.core.ContainerBase.[Tomcat].[localhost].[/]:173] Initializing Spring embedded WebApplicationContext
2020-07-21 20:53:52.487 [INFO] [main] [org.springframework.web.context.ContextLoader:284] Root WebApplicationContext: initialization completed in 3637 ms
2020-07-21 20:53:53.110 [INFO] [main] [org.springframework.scheduling.concurrent.ThreadPoolTaskExecutor:181] Initializing ExecutorService 'applicationTaskExecutor'
2020-07-21 20:53:53.251 [INFO] [task-1] [org.hibernate.jpa.internal.util.LogHelper:31] HHH000204: Processing PersistenceUnitInfo [name: default]
2020-07-21 20:53:53.308 [WARN] [main] [org.springframework.boot.autoconfigure.orm.jpa.JpaBaseConfiguration$JpaWebConfiguration:220] spring.jpa.open-in-view is enabled by default. Therefore, database queries may be performed during view rendering. Explicitly configure spring.jpa.open-in-view to disable this warning
2020-07-21 20:53:53.423 [INFO] [task-1] [org.hibernate.Version:44] HHH000412: Hibernate ORM core version 5.4.15.Final
2020-07-21 20:53:53.808 [INFO] [task-1] [org.hibernate.annotations.common.Version:49] HCANN000001: Hibernate Commons Annotations {5.1.0.Final}
2020-07-21 20:53:54.114 [INFO] [task-1] [com.zaxxer.hikari.HikariDataSource:110] HikariPool-1 - Starting...
2020-07-21 20:53:54.317 [INFO] [main] [org.springframework.security.web.DefaultSecurityFilterChain:43] Creating filter chain: any request, [org.springframework.security.web.context.request.async.WebAsyncManagerIntegrationFilter@52f6900a, org.springframework.security.web.context.SecurityContextPersistenceFilter@3a7c678b, org.springframework.security.web.header.HeaderWriterFilter@69f2cb04, org.springframework.security.web.csrf.CsrfFilter@114a5e0, org.springframework.security.web.authentication.logout.LogoutFilter@6c977dcf, org.springframework.security.web.authentication.UsernamePasswordAuthenticationFilter@10a18e3e, org.springframework.security.web.savedrequest.RequestCacheAwareFilter@1ad9b8d3, org.springframework.security.web.servletapi.SecurityContextHolderAwareRequestFilter@61191222, org.springframework.security.web.authentication.AnonymousAuthenticationFilter@7bbcf6f0, org.springframework.security.web.session.SessionManagementFilter@b4732dc, org.springframework.security.web.access.ExceptionTranslationFilter@19b02dfd, org.springframework.security.web.access.intercept.FilterSecurityInterceptor@1e12a5a6]
2020-07-21 20:53:54.797 [INFO] [task-1] [com.zaxxer.hikari.HikariDataSource:123] HikariPool-1 - Start completed.
2020-07-21 20:53:54.863 [INFO] [task-1] [org.hibernate.dialect.Dialect:172] HHH000400: Using dialect: org.hibernate.dialect.Oracle12cDialect
2020-07-21 20:53:56.891 [INFO] [task-1] [org.hibernate.engine.transaction.jta.platform.internal.JtaPlatformInitiator:52] HHH000490: Using JtaPlatform implementation: [org.hibernate.engine.transaction.jta.platform.internal.NoJtaPlatform]
2020-07-21 20:53:56.908 [INFO] [task-1] [org.springframework.orm.jpa.LocalContainerEntityManagerFactoryBean:416] Initialized JPA EntityManagerFactory for persistence unit 'default'
2020-07-21 20:53:57.798 [INFO] [main] [org.apache.coyote.http11.Http11NioProtocol:173] Starting ProtocolHandler ["https-jsse-nio-8443"]
2020-07-21 20:53:58.733 [INFO] [main] [org.apache.coyote.http11.Http11NioProtocol:173] Starting ProtocolHandler ["http-nio-8080"]
2020-07-21 20:53:58.750 [INFO] [main] [org.springframework.boot.web.embedded.tomcat.TomcatWebServer:220] Tomcat started on port(s): 8443 (https) 8080 (http) with context path ''
2020-07-21 20:53:58.755 [INFO] [main] [org.springframework.data.repository.config.DeferredRepositoryInitializationListener:49] Triggering deferred initialization of Spring Data repositories…
2020-07-21 20:53:59.302 [INFO] [https-jsse-nio-8443-exec-5] [org.apache.catalina.core.ContainerBase.[Tomcat].[localhost].[/]:173] Initializing Spring DispatcherServlet 'dispatcherServlet'
2020-07-21 20:53:59.303 [INFO] [https-jsse-nio-8443-exec-5] [org.springframework.web.servlet.DispatcherServlet:525] Initializing Servlet 'dispatcherServlet'
2020-07-21 20:53:59.324 [INFO] [https-jsse-nio-8443-exec-5] [org.springframework.web.servlet.DispatcherServlet:547] Completed initialization in 20 ms
2020-07-21 20:53:59.545 [INFO] [main] [org.springframework.data.repository.config.DeferredRepositoryInitializationListener:53] Spring Data repositories initialized!
2020-07-21 20:53:59.562 [INFO] [main] [com.binge.radoslaw.OracleJDBC.OracleJdbcApplication:61] Started OracleJdbcApplication in 12.175 seconds (JVM running for 13.541)
2020-07-21 20:54:54.261 [INFO] [main] [com.binge.radoslaw.OracleJDBC.OracleJdbcApplication:55] Starting OracleJdbcApplication on LAPTOP-N8N1ATG7 with PID 13320 (C:\Users\rados\Projects\Java\SpringOracleJpa\target\classes started by rados in C:\Users\rados\Projects\Java\SpringOracleJpa)
2020-07-21 20:54:54.269 [INFO] [main] [com.binge.radoslaw.OracleJDBC.OracleJdbcApplication:651] No active profile set, falling back to default profiles: default
2020-07-21 20:54:56.005 [INFO] [main] [org.springframework.data.repository.config.RepositoryConfigurationDelegate:127] Bootstrapping Spring Data JPA repositories in DEFERRED mode.
2020-07-21 20:54:56.171 [INFO] [main] [org.springframework.data.repository.config.RepositoryConfigurationDelegate:187] Finished Spring Data repository scanning in 146ms. Found 1 JPA repository interfaces.
2020-07-21 20:54:57.506 [INFO] [main] [org.springframework.boot.web.embedded.tomcat.TomcatWebServer:108] Tomcat initialized with port(s): 8443 (https) 8080 (http)
2020-07-21 20:54:57.525 [INFO] [main] [org.apache.coyote.http11.Http11NioProtocol:173] Initializing ProtocolHandler ["https-jsse-nio-8443"]
2020-07-21 20:54:57.527 [INFO] [main] [org.apache.coyote.http11.Http11NioProtocol:173] Initializing ProtocolHandler ["http-nio-8080"]
2020-07-21 20:54:57.548 [INFO] [main] [org.apache.catalina.core.StandardService:173] Starting service [Tomcat]
2020-07-21 20:54:57.550 [INFO] [main] [org.apache.catalina.core.StandardEngine:173] Starting Servlet engine: [Apache Tomcat/9.0.35]
2020-07-21 20:54:57.865 [INFO] [main] [org.apache.catalina.core.ContainerBase.[Tomcat].[localhost].[/]:173] Initializing Spring embedded WebApplicationContext
2020-07-21 20:54:57.865 [INFO] [main] [org.springframework.web.context.ContextLoader:284] Root WebApplicationContext: initialization completed in 3450 ms
2020-07-21 20:54:58.413 [INFO] [main] [org.springframework.scheduling.concurrent.ThreadPoolTaskExecutor:181] Initializing ExecutorService 'applicationTaskExecutor'
2020-07-21 20:54:58.584 [INFO] [task-1] [org.hibernate.jpa.internal.util.LogHelper:31] HHH000204: Processing PersistenceUnitInfo [name: default]
2020-07-21 20:54:58.668 [WARN] [main] [org.springframework.boot.autoconfigure.orm.jpa.JpaBaseConfiguration$JpaWebConfiguration:220] spring.jpa.open-in-view is enabled by default. Therefore, database queries may be performed during view rendering. Explicitly configure spring.jpa.open-in-view to disable this warning
2020-07-21 20:54:58.746 [INFO] [task-1] [org.hibernate.Version:44] HHH000412: Hibernate ORM core version 5.4.15.Final
2020-07-21 20:54:59.233 [INFO] [task-1] [org.hibernate.annotations.common.Version:49] HCANN000001: Hibernate Commons Annotations {5.1.0.Final}
2020-07-21 20:54:59.554 [INFO] [task-1] [com.zaxxer.hikari.HikariDataSource:110] HikariPool-1 - Starting...
2020-07-21 20:54:59.662 [INFO] [main] [org.springframework.security.web.DefaultSecurityFilterChain:43] Creating filter chain: any request, [org.springframework.security.web.context.request.async.WebAsyncManagerIntegrationFilter@1e12a5a6, org.springframework.security.web.context.SecurityContextPersistenceFilter@182e7eda, org.springframework.security.web.header.HeaderWriterFilter@2ed9f6f8, org.springframework.security.web.csrf.CsrfFilter@3d615b2e, org.springframework.security.web.authentication.logout.LogoutFilter@64e7d698, org.springframework.security.web.authentication.UsernamePasswordAuthenticationFilter@1c628f6a, org.springframework.security.web.savedrequest.RequestCacheAwareFilter@420a8042, org.springframework.security.web.servletapi.SecurityContextHolderAwareRequestFilter@b4732dc, org.springframework.security.web.authentication.AnonymousAuthenticationFilter@4877919f, org.springframework.security.web.session.SessionManagementFilter@35650279, org.springframework.security.web.access.ExceptionTranslationFilter@24c685e7, org.springframework.security.web.access.intercept.FilterSecurityInterceptor@7fbd3e75]
2020-07-21 20:55:00.291 [INFO] [task-1] [com.zaxxer.hikari.HikariDataSource:123] HikariPool-1 - Start completed.
2020-07-21 20:55:00.352 [INFO] [task-1] [org.hibernate.dialect.Dialect:172] HHH000400: Using dialect: org.hibernate.dialect.Oracle12cDialect
2020-07-21 20:55:02.196 [INFO] [task-1] [org.hibernate.engine.transaction.jta.platform.internal.JtaPlatformInitiator:52] HHH000490: Using JtaPlatform implementation: [org.hibernate.engine.transaction.jta.platform.internal.NoJtaPlatform]
2020-07-21 20:55:02.208 [INFO] [task-1] [org.springframework.orm.jpa.LocalContainerEntityManagerFactoryBean:416] Initialized JPA EntityManagerFactory for persistence unit 'default'
2020-07-21 20:55:03.173 [INFO] [main] [org.apache.coyote.http11.Http11NioProtocol:173] Starting ProtocolHandler ["https-jsse-nio-8443"]
2020-07-21 20:55:04.108 [INFO] [main] [org.apache.coyote.http11.Http11NioProtocol:173] Starting ProtocolHandler ["http-nio-8080"]
2020-07-21 20:55:04.121 [INFO] [main] [org.springframework.boot.web.embedded.tomcat.TomcatWebServer:220] Tomcat started on port(s): 8443 (https) 8080 (http) with context path ''
2020-07-21 20:55:04.123 [INFO] [main] [org.springframework.data.repository.config.DeferredRepositoryInitializationListener:49] Triggering deferred initialization of Spring Data repositories…
2020-07-21 20:55:04.518 [INFO] [main] [org.springframework.data.repository.config.DeferredRepositoryInitializationListener:53] Spring Data repositories initialized!
2020-07-21 20:55:04.534 [INFO] [main] [com.binge.radoslaw.OracleJDBC.OracleJdbcApplication:61] Started OracleJdbcApplication in 11.369 seconds (JVM running for 12.353)
2020-07-21 20:55:11.356 [INFO] [https-jsse-nio-8443-exec-10] [org.apache.catalina.core.ContainerBase.[Tomcat].[localhost].[/]:173] Initializing Spring DispatcherServlet 'dispatcherServlet'
2020-07-21 20:55:11.357 [INFO] [https-jsse-nio-8443-exec-10] [org.springframework.web.servlet.DispatcherServlet:525] Initializing Servlet 'dispatcherServlet'
2020-07-21 20:55:11.371 [INFO] [https-jsse-nio-8443-exec-10] [org.springframework.web.servlet.DispatcherServlet:547] Completed initialization in 14 ms
2020-07-21 20:55:29.829 [INFO] [main] [com.binge.radoslaw.OracleJDBC.OracleJdbcApplication:55] Starting OracleJdbcApplication on LAPTOP-N8N1ATG7 with PID 17404 (C:\Users\rados\Projects\Java\SpringOracleJpa\target\classes started by rados in C:\Users\rados\Projects\Java\SpringOracleJpa)
2020-07-21 20:55:29.839 [INFO] [main] [com.binge.radoslaw.OracleJDBC.OracleJdbcApplication:651] No active profile set, falling back to default profiles: default
2020-07-21 20:55:31.788 [INFO] [main] [org.springframework.data.repository.config.RepositoryConfigurationDelegate:127] Bootstrapping Spring Data JPA repositories in DEFERRED mode.
2020-07-21 20:55:31.949 [INFO] [main] [org.springframework.data.repository.config.RepositoryConfigurationDelegate:187] Finished Spring Data repository scanning in 141ms. Found 1 JPA repository interfaces.
2020-07-21 20:55:33.273 [INFO] [main] [org.springframework.boot.web.embedded.tomcat.TomcatWebServer:108] Tomcat initialized with port(s): 8443 (https) 8080 (http)
2020-07-21 20:55:33.303 [INFO] [main] [org.apache.coyote.http11.Http11NioProtocol:173] Initializing ProtocolHandler ["https-jsse-nio-8443"]
2020-07-21 20:55:33.308 [INFO] [main] [org.apache.coyote.http11.Http11NioProtocol:173] Initializing ProtocolHandler ["http-nio-8080"]
2020-07-21 20:55:33.334 [INFO] [main] [org.apache.catalina.core.StandardService:173] Starting service [Tomcat]
2020-07-21 20:55:33.335 [INFO] [main] [org.apache.catalina.core.StandardEngine:173] Starting Servlet engine: [Apache Tomcat/9.0.35]
2020-07-21 20:55:33.699 [INFO] [main] [org.apache.catalina.core.ContainerBase.[Tomcat].[localhost].[/]:173] Initializing Spring embedded WebApplicationContext
2020-07-21 20:55:33.699 [INFO] [main] [org.springframework.web.context.ContextLoader:284] Root WebApplicationContext: initialization completed in 3742 ms
2020-07-21 20:55:34.198 [INFO] [main] [org.springframework.scheduling.concurrent.ThreadPoolTaskExecutor:181] Initializing ExecutorService 'applicationTaskExecutor'
2020-07-21 20:55:34.300 [INFO] [task-1] [org.hibernate.jpa.internal.util.LogHelper:31] HHH000204: Processing PersistenceUnitInfo [name: default]
2020-07-21 20:55:34.381 [WARN] [main] [org.springframework.boot.autoconfigure.orm.jpa.JpaBaseConfiguration$JpaWebConfiguration:220] spring.jpa.open-in-view is enabled by default. Therefore, database queries may be performed during view rendering. Explicitly configure spring.jpa.open-in-view to disable this warning
2020-07-21 20:55:34.465 [INFO] [task-1] [org.hibernate.Version:44] HHH000412: Hibernate ORM core version 5.4.15.Final
2020-07-21 20:55:34.873 [INFO] [task-1] [org.hibernate.annotations.common.Version:49] HCANN000001: Hibernate Commons Annotations {5.1.0.Final}
2020-07-21 20:55:35.111 [INFO] [task-1] [com.zaxxer.hikari.HikariDataSource:110] HikariPool-1 - Starting...
2020-07-21 20:55:35.163 [INFO] [main] [org.springframework.security.web.DefaultSecurityFilterChain:43] Creating filter chain: any request, [org.springframework.security.web.context.request.async.WebAsyncManagerIntegrationFilter@32a4ecbe, org.springframework.security.web.context.SecurityContextPersistenceFilter@bb25753, org.springframework.security.web.header.HeaderWriterFilter@1af4955e, org.springframework.security.web.csrf.CsrfFilter@713a35c5, org.springframework.security.web.authentication.logout.LogoutFilter@2bb41f5c, org.springframework.security.web.authentication.UsernamePasswordAuthenticationFilter@1e3f0aea, org.springframework.security.web.savedrequest.RequestCacheAwareFilter@40c06358, org.springframework.security.web.servletapi.SecurityContextHolderAwareRequestFilter@3d615b2e, org.springframework.security.web.authentication.AnonymousAuthenticationFilter@2e71240b, org.springframework.security.web.session.SessionManagementFilter@2c0c4c0a, org.springframework.security.web.access.ExceptionTranslationFilter@7573b9ee, org.springframework.security.web.access.intercept.FilterSecurityInterceptor@2401856]
2020-07-21 20:55:35.753 [INFO] [task-1] [com.zaxxer.hikari.HikariDataSource:123] HikariPool-1 - Start completed.
2020-07-21 20:55:35.828 [INFO] [task-1] [org.hibernate.dialect.Dialect:172] HHH000400: Using dialect: org.hibernate.dialect.Oracle12cDialect
2020-07-21 20:55:37.456 [INFO] [task-1] [org.hibernate.engine.transaction.jta.platform.internal.JtaPlatformInitiator:52] HHH000490: Using JtaPlatform implementation: [org.hibernate.engine.transaction.jta.platform.internal.NoJtaPlatform]
2020-07-21 20:55:37.466 [INFO] [task-1] [org.springframework.orm.jpa.LocalContainerEntityManagerFactoryBean:416] Initialized JPA EntityManagerFactory for persistence unit 'default'
2020-07-21 20:55:38.207 [INFO] [main] [org.apache.coyote.http11.Http11NioProtocol:173] Starting ProtocolHandler ["https-jsse-nio-8443"]
2020-07-21 20:55:38.950 [INFO] [main] [org.apache.coyote.http11.Http11NioProtocol:173] Starting ProtocolHandler ["http-nio-8080"]
2020-07-21 20:55:38.963 [INFO] [main] [org.springframework.boot.web.embedded.tomcat.TomcatWebServer:220] Tomcat started on port(s): 8443 (https) 8080 (http) with context path ''
2020-07-21 20:55:38.965 [INFO] [main] [org.springframework.data.repository.config.DeferredRepositoryInitializationListener:49] Triggering deferred initialization of Spring Data repositories…
2020-07-21 20:55:39.310 [INFO] [main] [org.springframework.data.repository.config.DeferredRepositoryInitializationListener:53] Spring Data repositories initialized!
2020-07-21 20:55:39.320 [INFO] [main] [com.binge.radoslaw.OracleJDBC.OracleJdbcApplication:61] Started OracleJdbcApplication in 10.539 seconds (JVM running for 11.523)
2020-07-21 20:55:42.161 [INFO] [https-jsse-nio-8443-exec-1] [org.apache.catalina.core.ContainerBase.[Tomcat].[localhost].[/]:173] Initializing Spring DispatcherServlet 'dispatcherServlet'
2020-07-21 20:55:42.163 [INFO] [https-jsse-nio-8443-exec-1] [org.springframework.web.servlet.DispatcherServlet:525] Initializing Servlet 'dispatcherServlet'
2020-07-21 20:55:42.176 [INFO] [https-jsse-nio-8443-exec-1] [org.springframework.web.servlet.DispatcherServlet:547] Completed initialization in 12 ms
2020-07-21 21:00:27.945 [INFO] [main] [com.binge.radoslaw.OracleJDBC.OracleJdbcApplication:55] Starting OracleJdbcApplication on LAPTOP-N8N1ATG7 with PID 7324 (C:\Users\rados\Projects\Java\SpringOracleJpa\target\classes started by rados in C:\Users\rados\Projects\Java\SpringOracleJpa)
2020-07-21 21:00:27.956 [INFO] [main] [com.binge.radoslaw.OracleJDBC.OracleJdbcApplication:651] No active profile set, falling back to default profiles: default
2020-07-21 21:00:30.175 [INFO] [main] [org.springframework.data.repository.config.RepositoryConfigurationDelegate:127] Bootstrapping Spring Data JPA repositories in DEFERRED mode.
2020-07-21 21:00:30.357 [INFO] [main] [org.springframework.data.repository.config.RepositoryConfigurationDelegate:187] Finished Spring Data repository scanning in 141ms. Found 1 JPA repository interfaces.
2020-07-21 21:00:32.048 [INFO] [main] [org.springframework.boot.web.embedded.tomcat.TomcatWebServer:108] Tomcat initialized with port(s): 8443 (https) 8080 (http)
2020-07-21 21:00:32.075 [INFO] [main] [org.apache.coyote.http11.Http11NioProtocol:173] Initializing ProtocolHandler ["https-jsse-nio-8443"]
2020-07-21 21:00:32.077 [INFO] [main] [org.apache.coyote.http11.Http11NioProtocol:173] Initializing ProtocolHandler ["http-nio-8080"]
2020-07-21 21:00:32.110 [INFO] [main] [org.apache.catalina.core.StandardService:173] Starting service [Tomcat]
2020-07-21 21:00:32.112 [INFO] [main] [org.apache.catalina.core.StandardEngine:173] Starting Servlet engine: [Apache Tomcat/9.0.35]
2020-07-21 21:00:32.426 [INFO] [main] [org.apache.catalina.core.ContainerBase.[Tomcat].[localhost].[/]:173] Initializing Spring embedded WebApplicationContext
2020-07-21 21:00:32.426 [INFO] [main] [org.springframework.web.context.ContextLoader:284] Root WebApplicationContext: initialization completed in 4309 ms
2020-07-21 21:00:32.970 [INFO] [main] [org.springframework.scheduling.concurrent.ThreadPoolTaskExecutor:181] Initializing ExecutorService 'applicationTaskExecutor'
2020-07-21 21:00:33.069 [INFO] [task-1] [org.hibernate.jpa.internal.util.LogHelper:31] HHH000204: Processing PersistenceUnitInfo [name: default]
2020-07-21 21:00:33.210 [WARN] [main] [org.springframework.boot.autoconfigure.orm.jpa.JpaBaseConfiguration$JpaWebConfiguration:220] spring.jpa.open-in-view is enabled by default. Therefore, database queries may be performed during view rendering. Explicitly configure spring.jpa.open-in-view to disable this warning
2020-07-21 21:00:33.320 [INFO] [task-1] [org.hibernate.Version:44] HHH000412: Hibernate ORM core version 5.4.15.Final
2020-07-21 21:00:33.809 [INFO] [task-1] [org.hibernate.annotations.common.Version:49] HCANN000001: Hibernate Commons Annotations {5.1.0.Final}
2020-07-21 21:00:34.150 [INFO] [task-1] [com.zaxxer.hikari.HikariDataSource:110] HikariPool-1 - Starting...
2020-07-21 21:00:34.229 [INFO] [main] [org.springframework.security.web.DefaultSecurityFilterChain:43] Creating filter chain: any request, [org.springframework.security.web.context.request.async.WebAsyncManagerIntegrationFilter@515b9d4a, org.springframework.security.web.context.SecurityContextPersistenceFilter@2c0c4c0a, org.springframework.security.web.header.HeaderWriterFilter@7573b9ee, org.springframework.security.web.csrf.CsrfFilter@22da2fe6, org.springframework.security.web.authentication.logout.LogoutFilter@5d508d22, org.springframework.security.web.authentication.UsernamePasswordAuthenticationFilter@a85644c, org.springframework.security.web.savedrequest.RequestCacheAwareFilter@bb25753, org.springframework.security.web.servletapi.SecurityContextHolderAwareRequestFilter@35dece42, org.springframework.security.web.authentication.AnonymousAuthenticationFilter@39b626e5, org.springframework.security.web.session.SessionManagementFilter@1af4955e, org.springframework.security.web.access.ExceptionTranslationFilter@5ba90d8a, org.springframework.security.web.access.intercept.FilterSecurityInterceptor@6af5b246]
2020-07-21 21:00:34.899 [INFO] [task-1] [com.zaxxer.hikari.HikariDataSource:123] HikariPool-1 - Start completed.
2020-07-21 21:00:34.958 [INFO] [task-1] [org.hibernate.dialect.Dialect:172] HHH000400: Using dialect: org.hibernate.dialect.Oracle12cDialect
2020-07-21 21:00:36.781 [INFO] [task-1] [org.hibernate.engine.transaction.jta.platform.internal.JtaPlatformInitiator:52] HHH000490: Using JtaPlatform implementation: [org.hibernate.engine.transaction.jta.platform.internal.NoJtaPlatform]
2020-07-21 21:00:36.795 [INFO] [task-1] [org.springframework.orm.jpa.LocalContainerEntityManagerFactoryBean:416] Initialized JPA EntityManagerFactory for persistence unit 'default'
2020-07-21 21:00:37.722 [INFO] [main] [org.apache.coyote.http11.Http11NioProtocol:173] Starting ProtocolHandler ["https-jsse-nio-8443"]
2020-07-21 21:00:38.595 [INFO] [main] [org.apache.coyote.http11.Http11NioProtocol:173] Starting ProtocolHandler ["http-nio-8080"]
2020-07-21 21:00:38.609 [INFO] [main] [org.springframework.boot.web.embedded.tomcat.TomcatWebServer:220] Tomcat started on port(s): 8443 (https) 8080 (http) with context path ''
2020-07-21 21:00:38.613 [INFO] [main] [org.springframework.data.repository.config.DeferredRepositoryInitializationListener:49] Triggering deferred initialization of Spring Data repositories…
2020-07-21 21:00:38.980 [INFO] [main] [org.springframework.data.repository.config.DeferredRepositoryInitializationListener:53] Spring Data repositories initialized!
2020-07-21 21:00:38.990 [INFO] [main] [com.binge.radoslaw.OracleJDBC.OracleJdbcApplication:61] Started OracleJdbcApplication in 12.351 seconds (JVM running for 13.647)
2020-07-21 21:00:50.652 [INFO] [https-jsse-nio-8443-exec-2] [org.apache.catalina.core.ContainerBase.[Tomcat].[localhost].[/]:173] Initializing Spring DispatcherServlet 'dispatcherServlet'
2020-07-21 21:00:50.653 [INFO] [https-jsse-nio-8443-exec-2] [org.springframework.web.servlet.DispatcherServlet:525] Initializing Servlet 'dispatcherServlet'
2020-07-21 21:00:50.675 [INFO] [https-jsse-nio-8443-exec-2] [org.springframework.web.servlet.DispatcherServlet:547] Completed initialization in 20 ms
2020-07-21 21:01:30.719 [INFO] [https-jsse-nio-8443-exec-2] [com.binge.radoslaw.OracleJDBC.controller.EmployeeController:51] Operator On Site changed from silfre to pamcan.
2020-07-21 21:03:40.825 [INFO] [main] [com.binge.radoslaw.OracleJDBC.OracleJdbcApplication:55] Starting OracleJdbcApplication on LAPTOP-N8N1ATG7 with PID 7552 (C:\Users\rados\Projects\Java\SpringOracleJpa\target\classes started by rados in C:\Users\rados\Projects\Java\SpringOracleJpa)
2020-07-21 21:03:40.832 [INFO] [main] [com.binge.radoslaw.OracleJDBC.OracleJdbcApplication:651] No active profile set, falling back to default profiles: default
2020-07-21 21:03:42.731 [INFO] [main] [org.springframework.data.repository.config.RepositoryConfigurationDelegate:127] Bootstrapping Spring Data JPA repositories in DEFERRED mode.
2020-07-21 21:03:42.893 [INFO] [main] [org.springframework.data.repository.config.RepositoryConfigurationDelegate:187] Finished Spring Data repository scanning in 143ms. Found 1 JPA repository interfaces.
2020-07-21 21:03:44.536 [INFO] [main] [org.springframework.boot.web.embedded.tomcat.TomcatWebServer:108] Tomcat initialized with port(s): 8443 (https) 8080 (http)
2020-07-21 21:03:44.553 [INFO] [main] [org.apache.coyote.http11.Http11NioProtocol:173] Initializing ProtocolHandler ["https-jsse-nio-8443"]
2020-07-21 21:03:44.555 [INFO] [main] [org.apache.coyote.http11.Http11NioProtocol:173] Initializing ProtocolHandler ["http-nio-8080"]
2020-07-21 21:03:44.578 [INFO] [main] [org.apache.catalina.core.StandardService:173] Starting service [Tomcat]
2020-07-21 21:03:44.579 [INFO] [main] [org.apache.catalina.core.StandardEngine:173] Starting Servlet engine: [Apache Tomcat/9.0.35]
2020-07-21 21:03:44.865 [INFO] [main] [org.apache.catalina.core.ContainerBase.[Tomcat].[localhost].[/]:173] Initializing Spring embedded WebApplicationContext
2020-07-21 21:03:44.866 [INFO] [main] [org.springframework.web.context.ContextLoader:284] Root WebApplicationContext: initialization completed in 3880 ms
2020-07-21 21:03:45.732 [INFO] [main] [org.springframework.scheduling.concurrent.ThreadPoolTaskExecutor:181] Initializing ExecutorService 'applicationTaskExecutor'
2020-07-21 21:03:46.043 [INFO] [task-1] [org.hibernate.jpa.internal.util.LogHelper:31] HHH000204: Processing PersistenceUnitInfo [name: default]
2020-07-21 21:03:46.058 [WARN] [main] [org.springframework.boot.autoconfigure.orm.jpa.JpaBaseConfiguration$JpaWebConfiguration:220] spring.jpa.open-in-view is enabled by default. Therefore, database queries may be performed during view rendering. Explicitly configure spring.jpa.open-in-view to disable this warning
2020-07-21 21:03:46.240 [INFO] [task-1] [org.hibernate.Version:44] HHH000412: Hibernate ORM core version 5.4.15.Final
2020-07-21 21:03:46.676 [INFO] [task-1] [org.hibernate.annotations.common.Version:49] HCANN000001: Hibernate Commons Annotations {5.1.0.Final}
2020-07-21 21:03:46.945 [INFO] [main] [org.springframework.security.web.DefaultSecurityFilterChain:43] Creating filter chain: any request, [org.springframework.security.web.context.request.async.WebAsyncManagerIntegrationFilter@2a8b33ba, org.springframework.security.web.context.SecurityContextPersistenceFilter@77b3752b, org.springframework.security.web.header.HeaderWriterFilter@713a35c5, org.springframework.security.web.csrf.CsrfFilter@1bbddada, org.springframework.security.web.authentication.logout.LogoutFilter@543d5863, org.springframework.security.web.authentication.UsernamePasswordAuthenticationFilter@902fdbe, org.springframework.security.web.savedrequest.RequestCacheAwareFilter@319642db, org.springframework.security.web.servletapi.SecurityContextHolderAwareRequestFilter@2eda4eeb, org.springframework.security.web.authentication.AnonymousAuthenticationFilter@4e8b357d, org.springframework.security.web.session.SessionManagementFilter@11787b64, org.springframework.security.web.access.ExceptionTranslationFilter@22da2fe6, org.springframework.security.web.access.intercept.FilterSecurityInterceptor@79b18230]
2020-07-21 21:03:46.996 [INFO] [task-1] [com.zaxxer.hikari.HikariDataSource:110] HikariPool-1 - Starting...
2020-07-21 21:03:47.755 [INFO] [task-1] [com.zaxxer.hikari.HikariDataSource:123] HikariPool-1 - Start completed.
2020-07-21 21:03:47.826 [INFO] [task-1] [org.hibernate.dialect.Dialect:172] HHH000400: Using dialect: org.hibernate.dialect.Oracle12cDialect
2020-07-21 21:03:49.507 [INFO] [task-1] [org.hibernate.engine.transaction.jta.platform.internal.JtaPlatformInitiator:52] HHH000490: Using JtaPlatform implementation: [org.hibernate.engine.transaction.jta.platform.internal.NoJtaPlatform]
2020-07-21 21:03:49.520 [INFO] [task-1] [org.springframework.orm.jpa.LocalContainerEntityManagerFactoryBean:416] Initialized JPA EntityManagerFactory for persistence unit 'default'
2020-07-21 21:03:50.516 [INFO] [main] [org.apache.coyote.http11.Http11NioProtocol:173] Starting ProtocolHandler ["https-jsse-nio-8443"]
2020-07-21 21:03:51.871 [INFO] [main] [org.apache.coyote.http11.Http11NioProtocol:173] Starting ProtocolHandler ["http-nio-8080"]
2020-07-21 21:03:51.891 [INFO] [main] [org.springframework.boot.web.embedded.tomcat.TomcatWebServer:220] Tomcat started on port(s): 8443 (https) 8080 (http) with context path ''
2020-07-21 21:03:51.894 [INFO] [main] [org.springframework.data.repository.config.DeferredRepositoryInitializationListener:49] Triggering deferred initialization of Spring Data repositories…
2020-07-21 21:03:52.208 [INFO] [main] [org.springframework.data.repository.config.DeferredRepositoryInitializationListener:53] Spring Data repositories initialized!
2020-07-21 21:03:52.220 [INFO] [main] [com.binge.radoslaw.OracleJDBC.OracleJdbcApplication:61] Started OracleJdbcApplication in 12.445 seconds (JVM running for 13.646)
2020-07-21 21:03:58.434 [INFO] [https-jsse-nio-8443-exec-2] [org.apache.catalina.core.ContainerBase.[Tomcat].[localhost].[/]:173] Initializing Spring DispatcherServlet 'dispatcherServlet'
2020-07-21 21:03:58.436 [INFO] [https-jsse-nio-8443-exec-2] [org.springframework.web.servlet.DispatcherServlet:525] Initializing Servlet 'dispatcherServlet'
2020-07-21 21:03:58.450 [INFO] [https-jsse-nio-8443-exec-2] [org.springframework.web.servlet.DispatcherServlet:547] Completed initialization in 14 ms
2020-07-21 21:07:38.500 [INFO] [main] [com.binge.radoslaw.OracleJDBC.OracleJdbcApplication:55] Starting OracleJdbcApplication on LAPTOP-N8N1ATG7 with PID 4388 (C:\Users\rados\Projects\Java\SpringOracleJpa\target\classes started by rados in C:\Users\rados\Projects\Java\SpringOracleJpa)
2020-07-21 21:07:38.507 [INFO] [main] [com.binge.radoslaw.OracleJDBC.OracleJdbcApplication:651] No active profile set, falling back to default profiles: default
2020-07-21 21:07:40.174 [INFO] [main] [org.springframework.data.repository.config.RepositoryConfigurationDelegate:127] Bootstrapping Spring Data JPA repositories in DEFERRED mode.
2020-07-21 21:07:40.338 [INFO] [main] [org.springframework.data.repository.config.RepositoryConfigurationDelegate:187] Finished Spring Data repository scanning in 144ms. Found 1 JPA repository interfaces.
2020-07-21 21:07:41.643 [INFO] [main] [org.springframework.boot.web.embedded.tomcat.TomcatWebServer:108] Tomcat initialized with port(s): 8443 (https) 8080 (http)
2020-07-21 21:07:41.667 [INFO] [main] [org.apache.coyote.http11.Http11NioProtocol:173] Initializing ProtocolHandler ["https-jsse-nio-8443"]
2020-07-21 21:07:41.669 [INFO] [main] [org.apache.coyote.http11.Http11NioProtocol:173] Initializing ProtocolHandler ["http-nio-8080"]
2020-07-21 21:07:41.694 [INFO] [main] [org.apache.catalina.core.StandardService:173] Starting service [Tomcat]
2020-07-21 21:07:41.696 [INFO] [main] [org.apache.catalina.core.StandardEngine:173] Starting Servlet engine: [Apache Tomcat/9.0.35]
2020-07-21 21:07:41.977 [INFO] [main] [org.apache.catalina.core.ContainerBase.[Tomcat].[localhost].[/]:173] Initializing Spring embedded WebApplicationContext
2020-07-21 21:07:41.979 [INFO] [main] [org.springframework.web.context.ContextLoader:284] Root WebApplicationContext: initialization completed in 3336 ms
2020-07-21 21:07:42.420 [INFO] [main] [org.springframework.scheduling.concurrent.ThreadPoolTaskExecutor:181] Initializing ExecutorService 'applicationTaskExecutor'
2020-07-21 21:07:42.528 [INFO] [task-1] [org.hibernate.jpa.internal.util.LogHelper:31] HHH000204: Processing PersistenceUnitInfo [name: default]
2020-07-21 21:07:42.670 [WARN] [main] [org.springframework.boot.autoconfigure.orm.jpa.JpaBaseConfiguration$JpaWebConfiguration:220] spring.jpa.open-in-view is enabled by default. Therefore, database queries may be performed during view rendering. Explicitly configure spring.jpa.open-in-view to disable this warning
2020-07-21 21:07:42.722 [INFO] [task-1] [org.hibernate.Version:44] HHH000412: Hibernate ORM core version 5.4.15.Final
2020-07-21 21:07:43.095 [INFO] [task-1] [org.hibernate.annotations.common.Version:49] HCANN000001: Hibernate Commons Annotations {5.1.0.Final}
2020-07-21 21:07:43.309 [INFO] [task-1] [com.zaxxer.hikari.HikariDataSource:110] HikariPool-1 - Starting...
2020-07-21 21:07:43.465 [INFO] [main] [org.springframework.security.web.DefaultSecurityFilterChain:43] Creating filter chain: any request, [org.springframework.security.web.context.request.async.WebAsyncManagerIntegrationFilter@63a9c661, org.springframework.security.web.context.SecurityContextPersistenceFilter@35dece42, org.springframework.security.web.header.HeaderWriterFilter@7f73ce28, org.springframework.security.web.csrf.CsrfFilter@35bfa1bb, org.springframework.security.web.authentication.logout.LogoutFilter@5f61371d, org.springframework.security.web.authentication.UsernamePasswordAuthenticationFilter@2e71240b, org.springframework.security.web.savedrequest.RequestCacheAwareFilter@3d615b2e, org.springframework.security.web.servletapi.SecurityContextHolderAwareRequestFilter@160b4809, org.springframework.security.web.authentication.AnonymousAuthenticationFilter@4b425577, org.springframework.security.web.session.SessionManagementFilter@2282400e, org.springframework.security.web.access.ExceptionTranslationFilter@40c06358, org.springframework.security.web.access.intercept.FilterSecurityInterceptor@4bf80c29]
2020-07-21 21:07:44.135 [INFO] [task-1] [com.zaxxer.hikari.HikariDataSource:123] HikariPool-1 - Start completed.
2020-07-21 21:07:44.189 [INFO] [task-1] [org.hibernate.dialect.Dialect:172] HHH000400: Using dialect: org.hibernate.dialect.Oracle12cDialect
2020-07-21 21:07:45.976 [INFO] [task-1] [org.hibernate.engine.transaction.jta.platform.internal.JtaPlatformInitiator:52] HHH000490: Using JtaPlatform implementation: [org.hibernate.engine.transaction.jta.platform.internal.NoJtaPlatform]
2020-07-21 21:07:45.989 [INFO] [task-1] [org.springframework.orm.jpa.LocalContainerEntityManagerFactoryBean:416] Initialized JPA EntityManagerFactory for persistence unit 'default'
2020-07-21 21:07:46.729 [INFO] [main] [org.apache.coyote.http11.Http11NioProtocol:173] Starting ProtocolHandler ["https-jsse-nio-8443"]
2020-07-21 21:07:47.530 [INFO] [main] [org.apache.coyote.http11.Http11NioProtocol:173] Starting ProtocolHandler ["http-nio-8080"]
2020-07-21 21:07:47.543 [INFO] [main] [org.springframework.boot.web.embedded.tomcat.TomcatWebServer:220] Tomcat started on port(s): 8443 (https) 8080 (http) with context path ''
2020-07-21 21:07:47.545 [INFO] [main] [org.springframework.data.repository.config.DeferredRepositoryInitializationListener:49] Triggering deferred initialization of Spring Data repositories…
2020-07-21 21:07:47.975 [INFO] [main] [org.springframework.data.repository.config.DeferredRepositoryInitializationListener:53] Spring Data repositories initialized!
2020-07-21 21:07:47.985 [INFO] [main] [com.binge.radoslaw.OracleJDBC.OracleJdbcApplication:61] Started OracleJdbcApplication in 10.568 seconds (JVM running for 11.75)
2020-07-21 21:07:55.724 [INFO] [https-jsse-nio-8443-exec-1] [org.apache.catalina.core.ContainerBase.[Tomcat].[localhost].[/]:173] Initializing Spring DispatcherServlet 'dispatcherServlet'
2020-07-21 21:07:55.725 [INFO] [https-jsse-nio-8443-exec-1] [org.springframework.web.servlet.DispatcherServlet:525] Initializing Servlet 'dispatcherServlet'
2020-07-21 21:07:55.743 [INFO] [https-jsse-nio-8443-exec-1] [org.springframework.web.servlet.DispatcherServlet:547] Completed initialization in 17 ms
2020-07-21 21:12:54.945 [INFO] [main] [com.binge.radoslaw.OracleJDBC.OracleJdbcApplication:55] Starting OracleJdbcApplication on LAPTOP-N8N1ATG7 with PID 6556 (C:\Users\rados\Projects\Java\SpringOracleJpa\target\classes started by rados in C:\Users\rados\Projects\Java\SpringOracleJpa)
2020-07-21 21:12:54.955 [INFO] [main] [com.binge.radoslaw.OracleJDBC.OracleJdbcApplication:651] No active profile set, falling back to default profiles: default
2020-07-21 21:12:57.401 [INFO] [main] [org.springframework.data.repository.config.RepositoryConfigurationDelegate:127] Bootstrapping Spring Data JPA repositories in DEFERRED mode.
2020-07-21 21:12:57.726 [INFO] [main] [org.springframework.data.repository.config.RepositoryConfigurationDelegate:187] Finished Spring Data repository scanning in 306ms. Found 1 JPA repository interfaces.
2020-07-21 21:12:59.228 [INFO] [main] [org.springframework.boot.web.embedded.tomcat.TomcatWebServer:108] Tomcat initialized with port(s): 8443 (https) 8080 (http)
2020-07-21 21:12:59.247 [INFO] [main] [org.apache.coyote.http11.Http11NioProtocol:173] Initializing ProtocolHandler ["https-jsse-nio-8443"]
2020-07-21 21:12:59.248 [INFO] [main] [org.apache.coyote.http11.Http11NioProtocol:173] Initializing ProtocolHandler ["http-nio-8080"]
2020-07-21 21:12:59.269 [INFO] [main] [org.apache.catalina.core.StandardService:173] Starting service [Tomcat]
2020-07-21 21:12:59.270 [INFO] [main] [org.apache.catalina.core.StandardEngine:173] Starting Servlet engine: [Apache Tomcat/9.0.35]
2020-07-21 21:12:59.557 [INFO] [main] [org.apache.catalina.core.ContainerBase.[Tomcat].[localhost].[/]:173] Initializing Spring embedded WebApplicationContext
2020-07-21 21:12:59.558 [INFO] [main] [org.springframework.web.context.ContextLoader:284] Root WebApplicationContext: initialization completed in 4495 ms
2020-07-21 21:13:00.096 [INFO] [main] [org.springframework.scheduling.concurrent.ThreadPoolTaskExecutor:181] Initializing ExecutorService 'applicationTaskExecutor'
2020-07-21 21:13:00.224 [INFO] [task-1] [org.hibernate.jpa.internal.util.LogHelper:31] HHH000204: Processing PersistenceUnitInfo [name: default]
2020-07-21 21:13:00.274 [WARN] [main] [org.springframework.boot.autoconfigure.orm.jpa.JpaBaseConfiguration$JpaWebConfiguration:220] spring.jpa.open-in-view is enabled by default. Therefore, database queries may be performed during view rendering. Explicitly configure spring.jpa.open-in-view to disable this warning
2020-07-21 21:13:00.394 [INFO] [task-1] [org.hibernate.Version:44] HHH000412: Hibernate ORM core version 5.4.15.Final
2020-07-21 21:13:00.728 [INFO] [task-1] [org.hibernate.annotations.common.Version:49] HCANN000001: Hibernate Commons Annotations {5.1.0.Final}
2020-07-21 21:13:01.017 [INFO] [task-1] [com.zaxxer.hikari.HikariDataSource:110] HikariPool-1 - Starting...
2020-07-21 21:13:01.057 [INFO] [main] [org.springframework.security.web.DefaultSecurityFilterChain:43] Creating filter chain: any request, [org.springframework.security.web.context.request.async.WebAsyncManagerIntegrationFilter@794f11cd, org.springframework.security.web.context.SecurityContextPersistenceFilter@778a1250, org.springframework.security.web.header.HeaderWriterFilter@4f93bf0a, org.springframework.security.web.csrf.CsrfFilter@251c4280, org.springframework.security.web.authentication.logout.LogoutFilter@12417468, org.springframework.security.web.authentication.UsernamePasswordAuthenticationFilter@7bbcf6f0, org.springframework.security.web.savedrequest.RequestCacheAwareFilter@61191222, org.springframework.security.web.servletapi.SecurityContextHolderAwareRequestFilter@1a950fdd, org.springframework.security.web.authentication.AnonymousAuthenticationFilter@715f45c6, org.springframework.security.web.session.SessionManagementFilter@656a3d6b, org.springframework.security.web.access.ExceptionTranslationFilter@1ad9b8d3, org.springframework.security.web.access.intercept.FilterSecurityInterceptor@4792f119]
2020-07-21 21:13:01.693 [INFO] [task-1] [com.zaxxer.hikari.HikariDataSource:123] HikariPool-1 - Start completed.
2020-07-21 21:13:01.736 [INFO] [task-1] [org.hibernate.dialect.Dialect:172] HHH000400: Using dialect: org.hibernate.dialect.Oracle12cDialect
2020-07-21 21:13:03.381 [INFO] [task-1] [org.hibernate.engine.transaction.jta.platform.internal.JtaPlatformInitiator:52] HHH000490: Using JtaPlatform implementation: [org.hibernate.engine.transaction.jta.platform.internal.NoJtaPlatform]
2020-07-21 21:13:03.392 [INFO] [task-1] [org.springframework.orm.jpa.LocalContainerEntityManagerFactoryBean:416] Initialized JPA EntityManagerFactory for persistence unit 'default'
2020-07-21 21:13:04.165 [INFO] [main] [org.apache.coyote.http11.Http11NioProtocol:173] Starting ProtocolHandler ["https-jsse-nio-8443"]
2020-07-21 21:13:05.047 [INFO] [main] [org.apache.coyote.http11.Http11NioProtocol:173] Starting ProtocolHandler ["http-nio-8080"]
2020-07-21 21:13:05.062 [INFO] [main] [org.springframework.boot.web.embedded.tomcat.TomcatWebServer:220] Tomcat started on port(s): 8443 (https) 8080 (http) with context path ''
2020-07-21 21:13:05.064 [INFO] [main] [org.springframework.data.repository.config.DeferredRepositoryInitializationListener:49] Triggering deferred initialization of Spring Data repositories…
2020-07-21 21:13:05.459 [INFO] [main] [org.springframework.data.repository.config.DeferredRepositoryInitializationListener:53] Spring Data repositories initialized!
2020-07-21 21:13:05.468 [INFO] [main] [com.binge.radoslaw.OracleJDBC.OracleJdbcApplication:61] Started OracleJdbcApplication in 12.044 seconds (JVM running for 13.463)
2020-07-21 21:13:58.583 [INFO] [https-jsse-nio-8443-exec-3] [org.apache.catalina.core.ContainerBase.[Tomcat].[localhost].[/]:173] Initializing Spring DispatcherServlet 'dispatcherServlet'
2020-07-21 21:13:58.584 [INFO] [https-jsse-nio-8443-exec-3] [org.springframework.web.servlet.DispatcherServlet:525] Initializing Servlet 'dispatcherServlet'
2020-07-21 21:13:58.603 [INFO] [https-jsse-nio-8443-exec-3] [org.springframework.web.servlet.DispatcherServlet:547] Completed initialization in 18 ms
2020-07-21 21:14:18.348 [WARN] [https-jsse-nio-8443-exec-8] [org.springframework.web.servlet.mvc.support.DefaultHandlerExceptionResolver:199] Resolved [org.springframework.web.HttpRequestMethodNotSupportedException: Request method 'GET' not supported]
2020-07-21 21:14:23.856 [WARN] [https-jsse-nio-8443-exec-2] [org.springframework.web.servlet.mvc.support.DefaultHandlerExceptionResolver:199] Resolved [org.springframework.web.HttpRequestMethodNotSupportedException: Request method 'GET' not supported]
2020-07-21 21:18:45.635 [INFO] [main] [com.binge.radoslaw.OracleJDBC.OracleJdbcApplication:55] Starting OracleJdbcApplication on LAPTOP-N8N1ATG7 with PID 7372 (C:\Users\rados\Projects\Java\SpringOracleJpa\target\classes started by rados in C:\Users\rados\Projects\Java\SpringOracleJpa)
2020-07-21 21:18:45.642 [INFO] [main] [com.binge.radoslaw.OracleJDBC.OracleJdbcApplication:651] No active profile set, falling back to default profiles: default
2020-07-21 21:18:47.289 [INFO] [main] [org.springframework.data.repository.config.RepositoryConfigurationDelegate:127] Bootstrapping Spring Data JPA repositories in DEFERRED mode.
2020-07-21 21:18:47.426 [INFO] [main] [org.springframework.data.repository.config.RepositoryConfigurationDelegate:187] Finished Spring Data repository scanning in 120ms. Found 1 JPA repository interfaces.
2020-07-21 21:18:48.700 [INFO] [main] [org.springframework.boot.web.embedded.tomcat.TomcatWebServer:108] Tomcat initialized with port(s): 8443 (https) 8080 (http)
2020-07-21 21:18:48.720 [INFO] [main] [org.apache.coyote.http11.Http11NioProtocol:173] Initializing ProtocolHandler ["https-jsse-nio-8443"]
2020-07-21 21:18:48.722 [INFO] [main] [org.apache.coyote.http11.Http11NioProtocol:173] Initializing ProtocolHandler ["http-nio-8080"]
2020-07-21 21:18:48.742 [INFO] [main] [org.apache.catalina.core.StandardService:173] Starting service [Tomcat]
2020-07-21 21:18:48.744 [INFO] [main] [org.apache.catalina.core.StandardEngine:173] Starting Servlet engine: [Apache Tomcat/9.0.35]
2020-07-21 21:18:49.061 [INFO] [main] [org.apache.catalina.core.ContainerBase.[Tomcat].[localhost].[/]:173] Initializing Spring embedded WebApplicationContext
2020-07-21 21:18:49.061 [INFO] [main] [org.springframework.web.context.ContextLoader:284] Root WebApplicationContext: initialization completed in 3305 ms
2020-07-21 21:18:49.500 [INFO] [main] [org.springframework.scheduling.concurrent.ThreadPoolTaskExecutor:181] Initializing ExecutorService 'applicationTaskExecutor'
2020-07-21 21:18:49.591 [INFO] [task-1] [org.hibernate.jpa.internal.util.LogHelper:31] HHH000204: Processing PersistenceUnitInfo [name: default]
2020-07-21 21:18:49.636 [WARN] [main] [org.springframework.boot.autoconfigure.orm.jpa.JpaBaseConfiguration$JpaWebConfiguration:220] spring.jpa.open-in-view is enabled by default. Therefore, database queries may be performed during view rendering. Explicitly configure spring.jpa.open-in-view to disable this warning
2020-07-21 21:18:49.732 [INFO] [task-1] [org.hibernate.Version:44] HHH000412: Hibernate ORM core version 5.4.15.Final
2020-07-21 21:18:50.262 [INFO] [task-1] [org.hibernate.annotations.common.Version:49] HCANN000001: Hibernate Commons Annotations {5.1.0.Final}
2020-07-21 21:18:50.514 [INFO] [task-1] [com.zaxxer.hikari.HikariDataSource:110] HikariPool-1 - Starting...
2020-07-21 21:18:51.043 [INFO] [main] [org.springframework.security.web.DefaultSecurityFilterChain:43] Creating filter chain: any request, [org.springframework.security.web.context.request.async.WebAsyncManagerIntegrationFilter@43471a7e, org.springframework.security.web.context.SecurityContextPersistenceFilter@697d6ded, org.springframework.security.web.header.HeaderWriterFilter@3a1f2a1, org.springframework.security.web.csrf.CsrfFilter@5ba90d8a, org.springframework.security.web.authentication.logout.LogoutFilter@69f2cb04, org.springframework.security.web.authentication.UsernamePasswordAuthenticationFilter@63a9c661, org.springframework.security.web.savedrequest.RequestCacheAwareFilter@5efeb117, org.springframework.security.web.servletapi.SecurityContextHolderAwareRequestFilter@f2b90fc, org.springframework.security.web.authentication.AnonymousAuthenticationFilter@21e45a6f, org.springframework.security.web.session.SessionManagementFilter@52ca2652, org.springframework.security.web.access.ExceptionTranslationFilter@dd3f8aa, org.springframework.security.web.access.intercept.FilterSecurityInterceptor@2b44d6d0]
2020-07-21 21:18:51.541 [INFO] [task-1] [com.zaxxer.hikari.HikariDataSource:123] HikariPool-1 - Start completed.
2020-07-21 21:18:51.630 [INFO] [task-1] [org.hibernate.dialect.Dialect:172] HHH000400: Using dialect: org.hibernate.dialect.Oracle12cDialect
2020-07-21 21:18:53.410 [INFO] [task-1] [org.hibernate.engine.transaction.jta.platform.internal.JtaPlatformInitiator:52] HHH000490: Using JtaPlatform implementation: [org.hibernate.engine.transaction.jta.platform.internal.NoJtaPlatform]
2020-07-21 21:18:53.427 [INFO] [task-1] [org.springframework.orm.jpa.LocalContainerEntityManagerFactoryBean:416] Initialized JPA EntityManagerFactory for persistence unit 'default'
2020-07-21 21:18:54.141 [INFO] [main] [org.apache.coyote.http11.Http11NioProtocol:173] Starting ProtocolHandler ["https-jsse-nio-8443"]
2020-07-21 21:18:54.963 [INFO] [main] [org.apache.coyote.http11.Http11NioProtocol:173] Starting ProtocolHandler ["http-nio-8080"]
2020-07-21 21:18:54.981 [INFO] [main] [org.springframework.boot.web.embedded.tomcat.TomcatWebServer:220] Tomcat started on port(s): 8443 (https) 8080 (http) with context path ''
2020-07-21 21:18:54.984 [INFO] [main] [org.springframework.data.repository.config.DeferredRepositoryInitializationListener:49] Triggering deferred initialization of Spring Data repositories…
2020-07-21 21:18:55.418 [INFO] [main] [org.springframework.data.repository.config.DeferredRepositoryInitializationListener:53] Spring Data repositories initialized!
2020-07-21 21:18:55.431 [INFO] [main] [com.binge.radoslaw.OracleJDBC.OracleJdbcApplication:61] Started OracleJdbcApplication in 10.93 seconds (JVM running for 12.33)
2020-07-21 21:19:03.399 [INFO] [https-jsse-nio-8443-exec-3] [org.apache.catalina.core.ContainerBase.[Tomcat].[localhost].[/]:173] Initializing Spring DispatcherServlet 'dispatcherServlet'
2020-07-21 21:19:03.400 [INFO] [https-jsse-nio-8443-exec-3] [org.springframework.web.servlet.DispatcherServlet:525] Initializing Servlet 'dispatcherServlet'
2020-07-21 21:19:03.415 [INFO] [https-jsse-nio-8443-exec-3] [org.springframework.web.servlet.DispatcherServlet:547] Completed initialization in 12 ms
2020-07-21 21:19:58.456 [INFO] [main] [com.binge.radoslaw.OracleJDBC.OracleJdbcApplication:55] Starting OracleJdbcApplication on LAPTOP-N8N1ATG7 with PID 7868 (C:\Users\rados\Projects\Java\SpringOracleJpa\target\classes started by rados in C:\Users\rados\Projects\Java\SpringOracleJpa)
2020-07-21 21:19:58.464 [INFO] [main] [com.binge.radoslaw.OracleJDBC.OracleJdbcApplication:651] No active profile set, falling back to default profiles: default
2020-07-21 21:20:00.643 [INFO] [main] [org.springframework.data.repository.config.RepositoryConfigurationDelegate:127] Bootstrapping Spring Data JPA repositories in DEFERRED mode.
2020-07-21 21:20:00.810 [INFO] [main] [org.springframework.data.repository.config.RepositoryConfigurationDelegate:187] Finished Spring Data repository scanning in 146ms. Found 1 JPA repository interfaces.
2020-07-21 21:20:02.246 [INFO] [main] [org.springframework.boot.web.embedded.tomcat.TomcatWebServer:108] Tomcat initialized with port(s): 8443 (https) 8080 (http)
2020-07-21 21:20:02.263 [INFO] [main] [org.apache.coyote.http11.Http11NioProtocol:173] Initializing ProtocolHandler ["https-jsse-nio-8443"]
2020-07-21 21:20:02.265 [INFO] [main] [org.apache.coyote.http11.Http11NioProtocol:173] Initializing ProtocolHandler ["http-nio-8080"]
2020-07-21 21:20:02.288 [INFO] [main] [org.apache.catalina.core.StandardService:173] Starting service [Tomcat]
2020-07-21 21:20:02.289 [INFO] [main] [org.apache.catalina.core.StandardEngine:173] Starting Servlet engine: [Apache Tomcat/9.0.35]
2020-07-21 21:20:02.645 [INFO] [main] [org.apache.catalina.core.ContainerBase.[Tomcat].[localhost].[/]:173] Initializing Spring embedded WebApplicationContext
2020-07-21 21:20:02.646 [INFO] [main] [org.springframework.web.context.ContextLoader:284] Root WebApplicationContext: initialization completed in 3981 ms
2020-07-21 21:20:03.229 [INFO] [main] [org.springframework.scheduling.concurrent.ThreadPoolTaskExecutor:181] Initializing ExecutorService 'applicationTaskExecutor'
2020-07-21 21:20:03.373 [INFO] [task-1] [org.hibernate.jpa.internal.util.LogHelper:31] HHH000204: Processing PersistenceUnitInfo [name: default]
2020-07-21 21:20:03.441 [WARN] [main] [org.springframework.boot.autoconfigure.orm.jpa.JpaBaseConfiguration$JpaWebConfiguration:220] spring.jpa.open-in-view is enabled by default. Therefore, database queries may be performed during view rendering. Explicitly configure spring.jpa.open-in-view to disable this warning
2020-07-21 21:20:03.685 [INFO] [task-1] [org.hibernate.Version:44] HHH000412: Hibernate ORM core version 5.4.15.Final
2020-07-21 21:20:04.138 [INFO] [task-1] [org.hibernate.annotations.common.Version:49] HCANN000001: Hibernate Commons Annotations {5.1.0.Final}
2020-07-21 21:20:04.392 [INFO] [main] [org.springframework.security.web.DefaultSecurityFilterChain:43] Creating filter chain: any request, [org.springframework.security.web.context.request.async.WebAsyncManagerIntegrationFilter@1c628f6a, org.springframework.security.web.context.SecurityContextPersistenceFilter@2bb41f5c, org.springframework.security.web.header.HeaderWriterFilter@114a5e0, org.springframework.security.web.csrf.CsrfFilter@66e21568, org.springframework.security.web.authentication.logout.LogoutFilter@25b38203, org.springframework.security.web.authentication.UsernamePasswordAuthenticationFilter@3cc053, org.springframework.security.web.savedrequest.RequestCacheAwareFilter@7da635c0, org.springframework.security.web.servletapi.SecurityContextHolderAwareRequestFilter@3292d91a, org.springframework.security.web.authentication.AnonymousAuthenticationFilter@9b47400, org.springframework.security.web.session.SessionManagementFilter@5d508d22, org.springframework.security.web.access.ExceptionTranslationFilter@664e848c, org.springframework.security.web.access.intercept.FilterSecurityInterceptor@365afe87]
2020-07-21 21:20:04.441 [INFO] [task-1] [com.zaxxer.hikari.HikariDataSource:110] HikariPool-1 - Starting...
2020-07-21 21:20:05.291 [INFO] [task-1] [com.zaxxer.hikari.HikariDataSource:123] HikariPool-1 - Start completed.
2020-07-21 21:20:05.366 [INFO] [task-1] [org.hibernate.dialect.Dialect:172] HHH000400: Using dialect: org.hibernate.dialect.Oracle12cDialect
2020-07-21 21:20:07.306 [INFO] [task-1] [org.hibernate.engine.transaction.jta.platform.internal.JtaPlatformInitiator:52] HHH000490: Using JtaPlatform implementation: [org.hibernate.engine.transaction.jta.platform.internal.NoJtaPlatform]
2020-07-21 21:20:07.320 [INFO] [task-1] [org.springframework.orm.jpa.LocalContainerEntityManagerFactoryBean:416] Initialized JPA EntityManagerFactory for persistence unit 'default'
2020-07-21 21:20:08.226 [INFO] [main] [org.apache.coyote.http11.Http11NioProtocol:173] Starting ProtocolHandler ["https-jsse-nio-8443"]
2020-07-21 21:20:09.035 [INFO] [main] [org.apache.coyote.http11.Http11NioProtocol:173] Starting ProtocolHandler ["http-nio-8080"]
2020-07-21 21:20:09.058 [INFO] [main] [org.springframework.boot.web.embedded.tomcat.TomcatWebServer:220] Tomcat started on port(s): 8443 (https) 8080 (http) with context path ''
2020-07-21 21:20:09.061 [INFO] [main] [org.springframework.data.repository.config.DeferredRepositoryInitializationListener:49] Triggering deferred initialization of Spring Data repositories…
2020-07-21 21:20:09.536 [INFO] [main] [org.springframework.data.repository.config.DeferredRepositoryInitializationListener:53] Spring Data repositories initialized!
2020-07-21 21:20:09.558 [INFO] [main] [com.binge.radoslaw.OracleJDBC.OracleJdbcApplication:61] Started OracleJdbcApplication in 12.745 seconds (JVM running for 14.334)
2020-07-21 21:20:17.744 [INFO] [https-jsse-nio-8443-exec-4] [org.apache.catalina.core.ContainerBase.[Tomcat].[localhost].[/]:173] Initializing Spring DispatcherServlet 'dispatcherServlet'
2020-07-21 21:20:17.745 [INFO] [https-jsse-nio-8443-exec-4] [org.springframework.web.servlet.DispatcherServlet:525] Initializing Servlet 'dispatcherServlet'
2020-07-21 21:20:17.763 [INFO] [https-jsse-nio-8443-exec-4] [org.springframework.web.servlet.DispatcherServlet:547] Completed initialization in 17 ms
2020-07-21 21:21:05.718 [INFO] [main] [com.binge.radoslaw.OracleJDBC.OracleJdbcApplication:55] Starting OracleJdbcApplication on LAPTOP-N8N1ATG7 with PID 18568 (C:\Users\rados\Projects\Java\SpringOracleJpa\target\classes started by rados in C:\Users\rados\Projects\Java\SpringOracleJpa)
2020-07-21 21:21:05.727 [INFO] [main] [com.binge.radoslaw.OracleJDBC.OracleJdbcApplication:651] No active profile set, falling back to default profiles: default
2020-07-21 21:21:07.881 [INFO] [main] [org.springframework.data.repository.config.RepositoryConfigurationDelegate:127] Bootstrapping Spring Data JPA repositories in DEFERRED mode.
2020-07-21 21:21:08.196 [INFO] [main] [org.springframework.data.repository.config.RepositoryConfigurationDelegate:187] Finished Spring Data repository scanning in 292ms. Found 1 JPA repository interfaces.
2020-07-21 21:21:10.421 [INFO] [main] [org.springframework.boot.web.embedded.tomcat.TomcatWebServer:108] Tomcat initialized with port(s): 8443 (https) 8080 (http)
2020-07-21 21:21:10.449 [INFO] [main] [org.apache.coyote.http11.Http11NioProtocol:173] Initializing ProtocolHandler ["https-jsse-nio-8443"]
2020-07-21 21:21:10.452 [INFO] [main] [org.apache.coyote.http11.Http11NioProtocol:173] Initializing ProtocolHandler ["http-nio-8080"]
2020-07-21 21:21:10.480 [INFO] [main] [org.apache.catalina.core.StandardService:173] Starting service [Tomcat]
2020-07-21 21:21:10.482 [INFO] [main] [org.apache.catalina.core.StandardEngine:173] Starting Servlet engine: [Apache Tomcat/9.0.35]
2020-07-21 21:21:10.815 [INFO] [main] [org.apache.catalina.core.ContainerBase.[Tomcat].[localhost].[/]:173] Initializing Spring embedded WebApplicationContext
2020-07-21 21:21:10.816 [INFO] [main] [org.springframework.web.context.ContextLoader:284] Root WebApplicationContext: initialization completed in 4932 ms
2020-07-21 21:21:11.590 [INFO] [main] [org.springframework.scheduling.concurrent.ThreadPoolTaskExecutor:181] Initializing ExecutorService 'applicationTaskExecutor'
2020-07-21 21:21:11.721 [INFO] [task-1] [org.hibernate.jpa.internal.util.LogHelper:31] HHH000204: Processing PersistenceUnitInfo [name: default]
2020-07-21 21:21:11.789 [WARN] [main] [org.springframework.boot.autoconfigure.orm.jpa.JpaBaseConfiguration$JpaWebConfiguration:220] spring.jpa.open-in-view is enabled by default. Therefore, database queries may be performed during view rendering. Explicitly configure spring.jpa.open-in-view to disable this warning
2020-07-21 21:21:11.898 [INFO] [task-1] [org.hibernate.Version:44] HHH000412: Hibernate ORM core version 5.4.15.Final
2020-07-21 21:21:12.501 [INFO] [task-1] [org.hibernate.annotations.common.Version:49] HCANN000001: Hibernate Commons Annotations {5.1.0.Final}
2020-07-21 21:21:12.803 [INFO] [task-1] [com.zaxxer.hikari.HikariDataSource:110] HikariPool-1 - Starting...
2020-07-21 21:21:12.887 [INFO] [main] [org.springframework.security.web.DefaultSecurityFilterChain:43] Creating filter chain: any request, [org.springframework.security.web.context.request.async.WebAsyncManagerIntegrationFilter@2a50b32d, org.springframework.security.web.context.SecurityContextPersistenceFilter@1ad9b8d3, org.springframework.security.web.header.HeaderWriterFilter@b4732dc, org.springframework.security.web.csrf.CsrfFilter@5d508d22, org.springframework.security.web.authentication.logout.LogoutFilter@733fb462, org.springframework.security.web.authentication.UsernamePasswordAuthenticationFilter@53aa2fc9, org.springframework.security.web.savedrequest.RequestCacheAwareFilter@4f93bf0a, org.springframework.security.web.servletapi.SecurityContextHolderAwareRequestFilter@7f3ca64a, org.springframework.security.web.authentication.rememberme.RememberMeAuthenticationFilter@5bde57ab, org.springframework.security.web.authentication.AnonymousAuthenticationFilter@36c7cbe1, org.springframework.security.web.session.SessionManagementFilter@3a7c678b, org.springframework.security.web.access.ExceptionTranslationFilter@69f2cb04, org.springframework.security.web.access.intercept.FilterSecurityInterceptor@47a7c93e]
2020-07-21 21:21:13.754 [INFO] [task-1] [com.zaxxer.hikari.HikariDataSource:123] HikariPool-1 - Start completed.
2020-07-21 21:21:13.822 [INFO] [task-1] [org.hibernate.dialect.Dialect:172] HHH000400: Using dialect: org.hibernate.dialect.Oracle12cDialect
2020-07-21 21:21:15.872 [INFO] [task-1] [org.hibernate.engine.transaction.jta.platform.internal.JtaPlatformInitiator:52] HHH000490: Using JtaPlatform implementation: [org.hibernate.engine.transaction.jta.platform.internal.NoJtaPlatform]
2020-07-21 21:21:15.885 [INFO] [task-1] [org.springframework.orm.jpa.LocalContainerEntityManagerFactoryBean:416] Initialized JPA EntityManagerFactory for persistence unit 'default'
2020-07-21 21:21:16.893 [INFO] [main] [org.apache.coyote.http11.Http11NioProtocol:173] Starting ProtocolHandler ["https-jsse-nio-8443"]
2020-07-21 21:21:17.980 [INFO] [main] [org.apache.coyote.http11.Http11NioProtocol:173] Starting ProtocolHandler ["http-nio-8080"]
2020-07-21 21:21:18.008 [INFO] [main] [org.springframework.boot.web.embedded.tomcat.TomcatWebServer:220] Tomcat started on port(s): 8443 (https) 8080 (http) with context path ''
2020-07-21 21:21:18.014 [INFO] [main] [org.springframework.data.repository.config.DeferredRepositoryInitializationListener:49] Triggering deferred initialization of Spring Data repositories…
2020-07-21 21:21:18.675 [INFO] [https-jsse-nio-8443-exec-1] [org.apache.catalina.core.ContainerBase.[Tomcat].[localhost].[/]:173] Initializing Spring DispatcherServlet 'dispatcherServlet'
2020-07-21 21:21:18.676 [INFO] [https-jsse-nio-8443-exec-1] [org.springframework.web.servlet.DispatcherServlet:525] Initializing Servlet 'dispatcherServlet'
2020-07-21 21:21:18.697 [INFO] [https-jsse-nio-8443-exec-1] [org.springframework.web.servlet.DispatcherServlet:547] Completed initialization in 18 ms
2020-07-21 21:21:18.977 [INFO] [main] [org.springframework.data.repository.config.DeferredRepositoryInitializationListener:53] Spring Data repositories initialized!
2020-07-21 21:21:18.997 [INFO] [main] [com.binge.radoslaw.OracleJDBC.OracleJdbcApplication:61] Started OracleJdbcApplication in 14.698 seconds (JVM running for 16.215)
2020-07-21 21:24:30.699 [INFO] [main] [com.binge.radoslaw.OracleJDBC.OracleJdbcApplication:55] Starting OracleJdbcApplication on LAPTOP-N8N1ATG7 with PID 5164 (C:\Users\rados\Projects\Java\SpringOracleJpa\target\classes started by rados in C:\Users\rados\Projects\Java\SpringOracleJpa)
2020-07-21 21:24:30.712 [INFO] [main] [com.binge.radoslaw.OracleJDBC.OracleJdbcApplication:651] No active profile set, falling back to default profiles: default
2020-07-21 21:24:32.942 [INFO] [main] [org.springframework.data.repository.config.RepositoryConfigurationDelegate:127] Bootstrapping Spring Data JPA repositories in DEFERRED mode.
2020-07-21 21:24:33.087 [INFO] [main] [org.springframework.data.repository.config.RepositoryConfigurationDelegate:187] Finished Spring Data repository scanning in 126ms. Found 1 JPA repository interfaces.
2020-07-21 21:24:34.691 [INFO] [main] [org.springframework.boot.web.embedded.tomcat.TomcatWebServer:108] Tomcat initialized with port(s): 8443 (https) 8080 (http)
2020-07-21 21:24:34.717 [INFO] [main] [org.apache.coyote.http11.Http11NioProtocol:173] Initializing ProtocolHandler ["https-jsse-nio-8443"]
2020-07-21 21:24:34.719 [INFO] [main] [org.apache.coyote.http11.Http11NioProtocol:173] Initializing ProtocolHandler ["http-nio-8080"]
2020-07-21 21:24:34.744 [INFO] [main] [org.apache.catalina.core.StandardService:173] Starting service [Tomcat]
2020-07-21 21:24:34.745 [INFO] [main] [org.apache.catalina.core.StandardEngine:173] Starting Servlet engine: [Apache Tomcat/9.0.35]
2020-07-21 21:24:35.118 [INFO] [main] [org.apache.catalina.core.ContainerBase.[Tomcat].[localhost].[/]:173] Initializing Spring embedded WebApplicationContext
2020-07-21 21:24:35.119 [INFO] [main] [org.springframework.web.context.ContextLoader:284] Root WebApplicationContext: initialization completed in 4209 ms
2020-07-21 21:24:35.688 [INFO] [main] [org.springframework.scheduling.concurrent.ThreadPoolTaskExecutor:181] Initializing ExecutorService 'applicationTaskExecutor'
2020-07-21 21:24:35.961 [INFO] [task-1] [org.hibernate.jpa.internal.util.LogHelper:31] HHH000204: Processing PersistenceUnitInfo [name: default]
2020-07-21 21:24:35.984 [WARN] [main] [org.springframework.boot.autoconfigure.orm.jpa.JpaBaseConfiguration$JpaWebConfiguration:220] spring.jpa.open-in-view is enabled by default. Therefore, database queries may be performed during view rendering. Explicitly configure spring.jpa.open-in-view to disable this warning
2020-07-21 21:24:36.143 [INFO] [task-1] [org.hibernate.Version:44] HHH000412: Hibernate ORM core version 5.4.15.Final
2020-07-21 21:24:36.541 [INFO] [task-1] [org.hibernate.annotations.common.Version:49] HCANN000001: Hibernate Commons Annotations {5.1.0.Final}
2020-07-21 21:24:36.929 [INFO] [task-1] [com.zaxxer.hikari.HikariDataSource:110] HikariPool-1 - Starting...
2020-07-21 21:24:36.957 [INFO] [main] [org.springframework.security.web.DefaultSecurityFilterChain:43] Creating filter chain: any request, [org.springframework.security.web.context.request.async.WebAsyncManagerIntegrationFilter@55c57422, org.springframework.security.web.context.SecurityContextPersistenceFilter@401c4250, org.springframework.security.web.header.HeaderWriterFilter@4d464510, org.springframework.security.web.csrf.CsrfFilter@19b02dfd, org.springframework.security.web.authentication.logout.LogoutFilter@28cd2c2, org.springframework.security.web.authentication.UsernamePasswordAuthenticationFilter@5d5c41e5, org.springframework.security.web.savedrequest.RequestCacheAwareFilter@77724cbe, org.springframework.security.web.servletapi.SecurityContextHolderAwareRequestFilter@661d6bb6, org.springframework.security.web.authentication.rememberme.RememberMeAuthenticationFilter@42e4e589, org.springframework.security.web.authentication.AnonymousAuthenticationFilter@22825e1e, org.springframework.security.web.session.SessionManagementFilter@2519026b, org.springframework.security.web.access.ExceptionTranslationFilter@58833798, org.springframework.security.web.access.intercept.FilterSecurityInterceptor@36c7cbe1]
2020-07-21 21:24:37.716 [INFO] [task-1] [com.zaxxer.hikari.HikariDataSource:123] HikariPool-1 - Start completed.
2020-07-21 21:24:37.794 [INFO] [task-1] [org.hibernate.dialect.Dialect:172] HHH000400: Using dialect: org.hibernate.dialect.Oracle12cDialect
2020-07-21 21:24:39.831 [INFO] [task-1] [org.hibernate.engine.transaction.jta.platform.internal.JtaPlatformInitiator:52] HHH000490: Using JtaPlatform implementation: [org.hibernate.engine.transaction.jta.platform.internal.NoJtaPlatform]
2020-07-21 21:24:39.847 [INFO] [task-1] [org.springframework.orm.jpa.LocalContainerEntityManagerFactoryBean:416] Initialized JPA EntityManagerFactory for persistence unit 'default'
2020-07-21 21:24:40.667 [INFO] [main] [org.apache.coyote.http11.Http11NioProtocol:173] Starting ProtocolHandler ["https-jsse-nio-8443"]
2020-07-21 21:24:41.551 [INFO] [main] [org.apache.coyote.http11.Http11NioProtocol:173] Starting ProtocolHandler ["http-nio-8080"]
2020-07-21 21:24:41.567 [INFO] [main] [org.springframework.boot.web.embedded.tomcat.TomcatWebServer:220] Tomcat started on port(s): 8443 (https) 8080 (http) with context path ''
2020-07-21 21:24:41.569 [INFO] [main] [org.springframework.data.repository.config.DeferredRepositoryInitializationListener:49] Triggering deferred initialization of Spring Data repositories…
2020-07-21 21:24:41.972 [INFO] [main] [org.springframework.data.repository.config.DeferredRepositoryInitializationListener:53] Spring Data repositories initialized!
2020-07-21 21:24:41.985 [INFO] [main] [com.binge.radoslaw.OracleJDBC.OracleJdbcApplication:61] Started OracleJdbcApplication in 12.756 seconds (JVM running for 14.267)
